▲ Next.js 16.2.3 (webpack)
- Local:         http://localhost:3000
- Network:       http://0.0.0.0:3000
✓ Ready in 374ms

○ Compiling / ...
 GET / 200 in 5.6s (next.js: 5.3s, application-code: 313ms)
 GET / 200 in 6.3s (next.js: 6.0s, application-code: 320ms)
 GET / 200 in 113ms (next.js: 4ms, application-code: 110ms)
 GET / 200 in 44ms (next.js: 3ms, application-code: 41ms)
 GET / 200 in 51ms (next.js: 2ms, application-code: 49ms)
 GET / 200 in 48ms (next.js: 3ms, application-code: 45ms)
 GET / 200 in 115ms (next.js: 3ms, application-code: 112ms)
 GET / 200 in 86ms (next.js: 3ms, application-code: 83ms)
 GET / 200 in 50ms (next.js: 3ms, application-code: 47ms)
 GET / 200 in 83ms (next.js: 3ms, application-code: 80ms)
 GET / 200 in 46ms (next.js: 3ms, application-code: 43ms)
 GET / 200 in 51ms (next.js: 2ms, application-code: 48ms)
 GET / 200 in 43ms (next.js: 1884µs, application-code: 41ms)
 GET / 200 in 43ms (next.js: 1898µs, application-code: 41ms)
 GET / 200 in 43ms (next.js: 1720µs, application-code: 41ms)
 GET / 200 in 44ms (next.js: 3ms, application-code: 41ms)
 GET / 200 in 66ms (next.js: 1903µs, application-code: 64ms)
 GET / 200 in 45ms (next.js: 2ms, application-code: 43ms)
 GET / 200 in 44ms (next.js: 2ms, application-code: 41ms)
 GET / 200 in 40ms (next.js: 2ms, application-code: 38ms)
 GET / 200 in 41ms (next.js: 1384µs, application-code: 39ms)
 GET / 200 in 48ms (next.js: 2ms, application-code: 46ms)
 GET / 200 in 44ms (next.js: 3ms, application-code: 42ms)
 GET / 200 in 44ms (next.js: 3ms, application-code: 40ms)
 GET / 200 in 47ms (next.js: 2ms, application-code: 45ms)
 GET / 200 in 35ms (next.js: 1348µs, application-code: 34ms)
 GET / 200 in 44ms (next.js: 2ms, application-code: 42ms)
 GET / 200 in 37ms (next.js: 2ms, application-code: 35ms)
 GET / 200 in 39ms (next.js: 2ms, application-code: 37ms)
 GET / 200 in 38ms (next.js: 2ms, application-code: 36ms)
 GET / 200 in 42ms (next.js: 2ms, application-code: 40ms)
 GET / 200 in 44ms (next.js: 2ms, application-code: 42ms)
 GET / 200 in 34ms (next.js: 1672µs, application-code: 32ms)
 GET / 200 in 36ms (next.js: 1465µs, application-code: 35ms)
 GET / 200 in 38ms (next.js: 1606µs, application-code: 36ms)
 GET / 200 in 45ms (next.js: 2ms, application-code: 43ms)
 GET / 200 in 42ms (next.js: 3ms, application-code: 39ms)
 GET / 200 in 40ms (next.js: 2ms, application-code: 38ms)
 GET / 200 in 52ms (next.js: 3ms, application-code: 49ms)
 GET / 200 in 40ms (next.js: 2ms, application-code: 38ms)
 GET / 200 in 42ms (next.js: 1332µs, application-code: 40ms)
 GET / 200 in 47ms (next.js: 2ms, application-code: 45ms)
 GET / 200 in 43ms (next.js: 3ms, application-code: 41ms)
 GET / 200 in 41ms (next.js: 1801µs, application-code: 39ms)
 GET / 200 in 49ms (next.js: 2ms, application-code: 46ms)
 GET / 200 in 48ms (next.js: 1461µs, application-code: 47ms)
 GET / 200 in 46ms (next.js: 3ms, application-code: 43ms)
 GET / 200 in 52ms (next.js: 2ms, application-code: 50ms)
 GET / 200 in 38ms (next.js: 1913µs, application-code: 36ms)
 GET / 200 in 49ms (next.js: 3ms, application-code: 46ms)
 GET / 200 in 41ms (next.js: 3ms, application-code: 38ms)
 GET / 200 in 51ms (next.js: 3ms, application-code: 48ms)
 GET / 200 in 43ms (next.js: 1619µs, application-code: 42ms)
 GET / 200 in 43ms (next.js: 1430µs, application-code: 42ms)
 GET / 200 in 53ms (next.js: 3ms, application-code: 50ms)
 GET / 200 in 47ms (next.js: 2ms, application-code: 45ms)
 GET / 200 in 36ms (next.js: 1641µs, application-code: 34ms)
 GET / 200 in 49ms (next.js: 1577µs, application-code: 47ms)
 GET / 200 in 50ms (next.js: 1406µs, application-code: 48ms)
 GET / 200 in 44ms (next.js: 2ms, application-code: 42ms)
 GET / 200 in 41ms (next.js: 3ms, application-code: 38ms)
 GET / 200 in 46ms (next.js: 1845µs, application-code: 44ms)
 GET / 200 in 50ms (next.js: 1765µs, application-code: 48ms)
 GET / 200 in 43ms (next.js: 2ms, application-code: 41ms)
 GET / 200 in 37ms (next.js: 2ms, application-code: 34ms)
 GET / 200 in 50ms (next.js: 2ms, application-code: 48ms)
 GET / 200 in 54ms (next.js: 2ms, application-code: 52ms)
 GET / 200 in 52ms (next.js: 1959µs, application-code: 50ms)
 GET / 200 in 57ms (next.js: 2ms, application-code: 55ms)
 GET / 200 in 51ms (next.js: 3ms, application-code: 48ms)
 GET / 200 in 43ms (next.js: 2ms, application-code: 40ms)
 GET / 200 in 57ms (next.js: 3ms, application-code: 54ms)
 GET / 200 in 54ms (next.js: 1932µs, application-code: 52ms)
 GET / 200 in 47ms (next.js: 3ms, application-code: 45ms)
 GET / 200 in 53ms (next.js: 2ms, application-code: 51ms)
 GET / 200 in 57ms (next.js: 3ms, application-code: 54ms)
 GET / 200 in 53ms (next.js: 3ms, application-code: 51ms)
 GET / 200 in 50ms (next.js: 2ms, application-code: 48ms)
 GET / 200 in 56ms (next.js: 2ms, application-code: 54ms)
 GET / 200 in 55ms (next.js: 3ms, application-code: 52ms)
 GET / 200 in 48ms (next.js: 4ms, application-code: 44ms)
 GET / 200 in 52ms (next.js: 1908µs, application-code: 50ms)
 GET / 200 in 56ms (next.js: 4ms, application-code: 52ms)
 GET / 200 in 55ms (next.js: 2ms, application-code: 53ms)
 GET / 200 in 52ms (next.js: 2ms, application-code: 49ms)
 GET / 200 in 53ms (next.js: 3ms, application-code: 50ms)
 GET / 200 in 57ms (next.js: 3ms, application-code: 54ms)
 GET / 200 in 51ms (next.js: 3ms, application-code: 48ms)
 GET / 200 in 56ms (next.js: 2ms, application-code: 53ms)
 GET / 200 in 62ms (next.js: 3ms, application-code: 59ms)
 GET / 200 in 43ms (next.js: 3ms, application-code: 40ms)
 GET / 200 in 51ms (next.js: 2ms, application-code: 49ms)
 GET / 200 in 41ms (next.js: 3ms, application-code: 38ms)
 GET / 200 in 49ms (next.js: 3ms, application-code: 46ms)
 GET / 200 in 41ms (next.js: 1933µs, application-code: 39ms)
 GET / 200 in 66ms (next.js: 3ms, application-code: 63ms)
 GET / 200 in 48ms (next.js: 2ms, application-code: 46ms)
 GET / 200 in 51ms (next.js: 3ms, application-code: 48ms)
 GET / 200 in 41ms (next.js: 1979µs, application-code: 39ms)
 GET / 200 in 47ms (next.js: 1891µs, application-code: 45ms)
 GET / 200 in 42ms (next.js: 1647µs, application-code: 40ms)
 GET / 200 in 46ms (next.js: 3ms, application-code: 43ms)
 GET / 200 in 47ms (next.js: 2ms, application-code: 45ms)
 GET / 200 in 51ms (next.js: 3ms, application-code: 48ms)
 GET / 200 in 45ms (next.js: 1994µs, application-code: 43ms)
 GET / 200 in 47ms (next.js: 1496µs, application-code: 45ms)
 GET / 200 in 37ms (next.js: 1782µs, application-code: 35ms)
 GET / 200 in 42ms (next.js: 3ms, application-code: 39ms)
 GET / 200 in 45ms (next.js: 2ms, application-code: 43ms)
 GET / 200 in 43ms (next.js: 2ms, application-code: 41ms)
 GET / 200 in 49ms (next.js: 2ms, application-code: 47ms)
 GET / 200 in 46ms (next.js: 1830µs, application-code: 45ms)
 GET / 200 in 44ms (next.js: 2ms, application-code: 42ms)
 GET / 200 in 44ms (next.js: 3ms, application-code: 41ms)
 GET / 200 in 47ms (next.js: 1454µs, application-code: 46ms)
 GET / 200 in 45ms (next.js: 2ms, application-code: 43ms)
 GET / 200 in 55ms (next.js: 3ms, application-code: 53ms)
 GET / 200 in 45ms (next.js: 1891µs, application-code: 43ms)
 GET / 200 in 41ms (next.js: 4ms, application-code: 37ms)
 GET / 200 in 46ms (next.js: 1357µs, application-code: 44ms)
 GET / 200 in 37ms (next.js: 1839µs, application-code: 36ms)
 GET / 200 in 59ms (next.js: 1983µs, application-code: 57ms)
 GET / 200 in 70ms (next.js: 3ms, application-code: 68ms)
 GET / 200 in 55ms (next.js: 3ms, application-code: 52ms)
 GET / 200 in 56ms (next.js: 2ms, application-code: 54ms)
 GET / 200 in 44ms (next.js: 2ms, application-code: 41ms)
 GET / 200 in 54ms (next.js: 2ms, application-code: 51ms)
 GET / 200 in 55ms (next.js: 3ms, application-code: 52ms)
 GET / 200 in 42ms (next.js: 3ms, application-code: 39ms)
 GET / 200 in 45ms (next.js: 3ms, application-code: 43ms)
 GET / 200 in 46ms (next.js: 2ms, application-code: 44ms)
 GET / 200 in 45ms (next.js: 2ms, application-code: 43ms)
 GET / 200 in 54ms (next.js: 3ms, application-code: 51ms)
 GET / 200 in 46ms (next.js: 2ms, application-code: 44ms)
 GET / 200 in 41ms (next.js: 2ms, application-code: 38ms)
 GET / 200 in 38ms (next.js: 3ms, application-code: 35ms)
 GET / 200 in 49ms (next.js: 3ms, application-code: 46ms)
 GET / 200 in 38ms (next.js: 2ms, application-code: 36ms)
 GET / 200 in 32ms (next.js: 1696µs, application-code: 30ms)
 GET / 200 in 38ms (next.js: 1666µs, application-code: 37ms)
 GET / 200 in 41ms (next.js: 1833µs, application-code: 39ms)
 GET / 200 in 50ms (next.js: 3ms, application-code: 47ms)
 GET / 200 in 44ms (next.js: 3ms, application-code: 41ms)
 GET / 200 in 41ms (next.js: 2ms, application-code: 38ms)
 GET / 200 in 41ms (next.js: 2ms, application-code: 38ms)
 GET / 200 in 51ms (next.js: 1756µs, application-code: 49ms)
 GET / 200 in 41ms (next.js: 1268µs, application-code: 40ms)
 GET / 200 in 41ms (next.js: 2ms, application-code: 39ms)
 GET / 200 in 36ms (next.js: 3ms, application-code: 33ms)
 GET / 200 in 37ms (next.js: 1699µs, application-code: 35ms)
 GET / 200 in 36ms (next.js: 2ms, application-code: 34ms)
 GET / 200 in 39ms (next.js: 2ms, application-code: 37ms)
 GET / 200 in 51ms (next.js: 3ms, application-code: 48ms)
 GET / 200 in 40ms (next.js: 2ms, application-code: 38ms)
 GET / 200 in 36ms (next.js: 1818µs, application-code: 34ms)
 GET / 200 in 42ms (next.js: 2ms, application-code: 39ms)
 GET / 200 in 49ms (next.js: 2ms, application-code: 46ms)
 GET / 200 in 44ms (next.js: 3ms, application-code: 42ms)
 GET / 200 in 44ms (next.js: 2ms, application-code: 41ms)
 GET / 200 in 47ms (next.js: 1365µs, application-code: 46ms)
 GET / 200 in 42ms (next.js: 3ms, application-code: 39ms)
 GET / 200 in 36ms (next.js: 1360µs, application-code: 35ms)
 GET / 200 in 41ms (next.js: 1906µs, application-code: 39ms)
 GET / 200 in 35ms (next.js: 1662µs, application-code: 34ms)
 GET / 200 in 42ms (next.js: 2ms, application-code: 40ms)
 GET / 200 in 46ms (next.js: 2ms, application-code: 43ms)
 GET / 200 in 39ms (next.js: 1856µs, application-code: 37ms)
 GET / 200 in 48ms (next.js: 3ms, application-code: 46ms)
 GET / 200 in 36ms (next.js: 1584µs, application-code: 35ms)
 GET / 200 in 44ms (next.js: 2ms, application-code: 42ms)
 GET / 200 in 44ms (next.js: 3ms, application-code: 41ms)
 GET / 200 in 35ms (next.js: 2ms, application-code: 32ms)
 GET / 200 in 39ms (next.js: 2ms, application-code: 37ms)
 GET / 200 in 40ms (next.js: 2ms, application-code: 37ms)
 GET / 200 in 40ms (next.js: 1943µs, application-code: 38ms)
 GET / 200 in 39ms (next.js: 1581µs, application-code: 37ms)
 GET / 200 in 35ms (next.js: 2ms, application-code: 33ms)
 GET / 200 in 37ms (next.js: 1507µs, application-code: 35ms)
 GET / 200 in 42ms (next.js: 1640µs, application-code: 40ms)
 GET / 200 in 26ms (next.js: 3ms, application-code: 24ms)
 GET / 200 in 36ms (next.js: 2ms, application-code: 34ms)
 GET / 200 in 53ms (next.js: 2ms, application-code: 50ms)
 GET / 200 in 30ms (next.js: 2ms, application-code: 27ms)
 GET / 200 in 35ms (next.js: 1977µs, application-code: 33ms)
 GET / 200 in 34ms (next.js: 1553µs, application-code: 33ms)
 GET / 200 in 45ms (next.js: 4ms, application-code: 41ms)
 GET / 200 in 36ms (next.js: 3ms, application-code: 34ms)
 GET / 200 in 41ms (next.js: 3ms, application-code: 39ms)
 GET / 200 in 37ms (next.js: 1303µs, application-code: 36ms)
 GET / 200 in 38ms (next.js: 1956µs, application-code: 36ms)
 GET / 200 in 35ms (next.js: 3ms, application-code: 32ms)
 GET / 200 in 32ms (next.js: 1480µs, application-code: 31ms)
 GET / 200 in 37ms (next.js: 1231µs, application-code: 36ms)
 GET / 200 in 28ms (next.js: 3ms, application-code: 25ms)
 GET / 200 in 36ms (next.js: 1226µs, application-code: 35ms)
 GET / 200 in 35ms (next.js: 1653µs, application-code: 33ms)
 GET / 200 in 36ms (next.js: 1998µs, application-code: 34ms)
 GET / 200 in 41ms (next.js: 1368µs, application-code: 39ms)
 GET / 200 in 36ms (next.js: 2ms, application-code: 34ms)
 GET / 200 in 41ms (next.js: 1652µs, application-code: 40ms)
 GET / 200 in 35ms (next.js: 1186µs, application-code: 34ms)
 GET / 200 in 41ms (next.js: 2ms, application-code: 38ms)
 GET / 200 in 46ms (next.js: 1680µs, application-code: 44ms)
 GET / 200 in 46ms (next.js: 1503µs, application-code: 45ms)
 GET / 200 in 39ms (next.js: 2ms, application-code: 37ms)
 GET / 200 in 38ms (next.js: 3ms, application-code: 35ms)
 GET / 200 in 34ms (next.js: 3ms, application-code: 32ms)
 GET / 200 in 41ms (next.js: 2ms, application-code: 39ms)
 GET / 200 in 40ms (next.js: 3ms, application-code: 37ms)
 GET / 200 in 42ms (next.js: 3ms, application-code: 39ms)
 GET / 200 in 38ms (next.js: 2ms, application-code: 35ms)
 GET / 200 in 45ms (next.js: 2ms, application-code: 43ms)
 GET / 200 in 36ms (next.js: 1737µs, application-code: 34ms)
 GET / 200 in 32ms (next.js: 1897µs, application-code: 30ms)
 GET / 200 in 34ms (next.js: 1369µs, application-code: 33ms)
 GET / 200 in 41ms (next.js: 1828µs, application-code: 39ms)
 GET / 200 in 38ms (next.js: 3ms, application-code: 35ms)
 GET / 200 in 40ms (next.js: 1637µs, application-code: 39ms)
 GET / 200 in 36ms (next.js: 3ms, application-code: 33ms)
 GET / 200 in 39ms (next.js: 1739µs, application-code: 37ms)
 GET / 200 in 34ms (next.js: 1263µs, application-code: 32ms)
 GET / 200 in 39ms (next.js: 2ms, application-code: 36ms)
 GET / 200 in 42ms (next.js: 3ms, application-code: 39ms)
 GET / 200 in 33ms (next.js: 1251µs, application-code: 31ms)
 GET / 200 in 34ms (next.js: 2ms, application-code: 31ms)
 GET / 200 in 41ms (next.js: 3ms, application-code: 38ms)
 GET / 200 in 45ms (next.js: 2ms, application-code: 43ms)
 GET / 200 in 32ms (next.js: 1254µs, application-code: 30ms)
 GET / 200 in 36ms (next.js: 1802µs, application-code: 35ms)
 GET / 200 in 37ms (next.js: 3ms, application-code: 34ms)
 GET / 200 in 46ms (next.js: 3ms, application-code: 44ms)
 GET / 200 in 41ms (next.js: 2ms, application-code: 38ms)
 GET / 200 in 42ms (next.js: 3ms, application-code: 39ms)
 GET / 200 in 95ms (next.js: 1904µs, application-code: 93ms)
 GET / 200 in 124ms (next.js: 2ms, application-code: 121ms)
 GET / 200 in 52ms (next.js: 1925µs, application-code: 50ms)
 GET / 200 in 45ms (next.js: 3ms, application-code: 43ms)
 GET / 200 in 41ms (next.js: 1798µs, application-code: 39ms)
 GET / 200 in 46ms (next.js: 1644µs, application-code: 44ms)
 GET / 200 in 44ms (next.js: 1742µs, application-code: 42ms)
 GET / 200 in 44ms (next.js: 3ms, application-code: 41ms)
 GET / 200 in 47ms (next.js: 2ms, application-code: 45ms)
 GET / 200 in 37ms (next.js: 2ms, application-code: 35ms)
 GET / 200 in 56ms (next.js: 1867µs, application-code: 54ms)
 GET / 200 in 45ms (next.js: 3ms, application-code: 42ms)
 GET / 200 in 41ms (next.js: 1808µs, application-code: 39ms)
 GET / 200 in 39ms (next.js: 1352µs, application-code: 37ms)
 GET / 200 in 41ms (next.js: 2ms, application-code: 39ms)
 GET / 200 in 44ms (next.js: 1737µs, application-code: 42ms)
 GET / 200 in 40ms (next.js: 1763µs, application-code: 39ms)
 GET / 200 in 36ms (next.js: 3ms, application-code: 33ms)
 GET / 200 in 34ms (next.js: 2ms, application-code: 32ms)
 GET / 200 in 38ms (next.js: 1843µs, application-code: 36ms)
 GET / 200 in 44ms (next.js: 2ms, application-code: 42ms)
 GET / 200 in 33ms (next.js: 1525µs, application-code: 32ms)
 GET / 200 in 43ms (next.js: 4ms, application-code: 39ms)
 GET / 200 in 40ms (next.js: 3ms, application-code: 37ms)
 GET / 200 in 34ms (next.js: 3ms, application-code: 31ms)
 GET / 200 in 140ms (next.js: 3ms, application-code: 137ms)
 GET / 200 in 40ms (next.js: 2ms, application-code: 37ms)
 GET / 200 in 39ms (next.js: 1211µs, application-code: 38ms)
 GET / 200 in 50ms (next.js: 3ms, application-code: 47ms)
 GET / 200 in 45ms (next.js: 2ms, application-code: 42ms)
 GET / 200 in 43ms (next.js: 1485µs, application-code: 41ms)
 GET / 200 in 41ms (next.js: 1645µs, application-code: 40ms)
 GET / 200 in 44ms (next.js: 1905µs, application-code: 42ms)
 GET / 200 in 41ms (next.js: 3ms, application-code: 38ms)
 GET / 200 in 42ms (next.js: 1690µs, application-code: 40ms)
 GET / 200 in 42ms (next.js: 3ms, application-code: 39ms)
 GET / 200 in 40ms (next.js: 1255µs, application-code: 39ms)
 GET / 200 in 47ms (next.js: 1324µs, application-code: 46ms)
 GET / 200 in 39ms (next.js: 3ms, application-code: 36ms)
 GET / 200 in 45ms (next.js: 1687µs, application-code: 44ms)
 GET / 200 in 36ms (next.js: 1585µs, application-code: 34ms)
 GET / 200 in 40ms (next.js: 3ms, application-code: 37ms)
 GET / 200 in 42ms (next.js: 2ms, application-code: 40ms)
 GET / 200 in 41ms (next.js: 3ms, application-code: 38ms)
 GET / 200 in 28ms (next.js: 1388µs, application-code: 27ms)
 GET / 200 in 32ms (next.js: 1194µs, application-code: 31ms)
 GET / 200 in 32ms (next.js: 1211µs, application-code: 31ms)
 GET / 200 in 38ms (next.js: 2ms, application-code: 36ms)
 GET / 200 in 35ms (next.js: 2ms, application-code: 33ms)
 GET / 200 in 28ms (next.js: 1364µs, application-code: 26ms)
 GET / 200 in 38ms (next.js: 2ms, application-code: 36ms)
 GET / 200 in 38ms (next.js: 3ms, application-code: 36ms)
 GET / 200 in 45ms (next.js: 3ms, application-code: 42ms)
 GET / 200 in 43ms (next.js: 1273µs, application-code: 42ms)
 GET / 200 in 41ms (next.js: 3ms, application-code: 39ms)
 GET / 200 in 43ms (next.js: 2ms, application-code: 41ms)
 GET / 200 in 37ms (next.js: 3ms, application-code: 34ms)
 GET / 200 in 32ms (next.js: 3ms, application-code: 29ms)
 GET / 200 in 26ms (next.js: 1559µs, application-code: 24ms)
 GET / 200 in 33ms (next.js: 2ms, application-code: 31ms)
 GET / 200 in 34ms (next.js: 1244µs, application-code: 33ms)
 GET / 200 in 35ms (next.js: 1401µs, application-code: 34ms)
 GET / 200 in 41ms (next.js: 3ms, application-code: 38ms)
 GET / 200 in 45ms (next.js: 2ms, application-code: 43ms)
 GET / 200 in 36ms (next.js: 2ms, application-code: 33ms)
 GET / 200 in 39ms (next.js: 2ms, application-code: 37ms)
 GET / 200 in 42ms (next.js: 2ms, application-code: 40ms)
 GET / 200 in 41ms (next.js: 1943µs, application-code: 39ms)
 GET / 200 in 43ms (next.js: 2ms, application-code: 40ms)
 GET / 200 in 38ms (next.js: 3ms, application-code: 35ms)
 GET / 200 in 34ms (next.js: 2ms, application-code: 31ms)
 GET / 200 in 43ms (next.js: 1943µs, application-code: 41ms)
 GET / 200 in 40ms (next.js: 3ms, application-code: 38ms)
 GET / 200 in 38ms (next.js: 1309µs, application-code: 37ms)
 GET / 200 in 36ms (next.js: 2ms, application-code: 34ms)
 GET / 200 in 37ms (next.js: 2ms, application-code: 35ms)
 GET / 200 in 44ms (next.js: 3ms, application-code: 41ms)
 GET / 200 in 79ms (next.js: 2ms, application-code: 77ms)
 GET / 200 in 32ms (next.js: 1193µs, application-code: 31ms)
 GET / 200 in 40ms (next.js: 2ms, application-code: 37ms)
 GET / 200 in 51ms (next.js: 3ms, application-code: 48ms)
 GET / 200 in 35ms (next.js: 1626µs, application-code: 33ms)
 GET / 200 in 39ms (next.js: 1968µs, application-code: 37ms)
 GET / 200 in 37ms (next.js: 2ms, application-code: 35ms)
 GET / 200 in 37ms (next.js: 1224µs, application-code: 36ms)
 GET / 200 in 47ms (next.js: 1959µs, application-code: 45ms)
 GET / 200 in 33ms (next.js: 2ms, application-code: 30ms)
 GET / 200 in 40ms (next.js: 1978µs, application-code: 38ms)
 GET / 200 in 41ms (next.js: 1793µs, application-code: 39ms)
 GET / 200 in 44ms (next.js: 2ms, application-code: 42ms)
 GET / 200 in 44ms (next.js: 3ms, application-code: 42ms)
 GET / 200 in 48ms (next.js: 3ms, application-code: 46ms)
 GET / 200 in 41ms (next.js: 1558µs, application-code: 39ms)
 GET / 200 in 38ms (next.js: 1523µs, application-code: 36ms)
 GET / 200 in 42ms (next.js: 1796µs, application-code: 40ms)
 GET / 200 in 39ms (next.js: 2ms, application-code: 37ms)
 GET / 200 in 38ms (next.js: 2ms, application-code: 36ms)
 GET / 200 in 40ms (next.js: 3ms, application-code: 37ms)
 GET / 200 in 44ms (next.js: 3ms, application-code: 41ms)
 GET / 200 in 37ms (next.js: 2ms, application-code: 35ms)
 GET / 200 in 30ms (next.js: 1289µs, application-code: 29ms)
 GET / 200 in 38ms (next.js: 3ms, application-code: 35ms)
 GET / 200 in 42ms (next.js: 2ms, application-code: 40ms)
 GET / 200 in 35ms (next.js: 2ms, application-code: 33ms)
 GET / 200 in 36ms (next.js: 1549µs, application-code: 34ms)
 GET / 200 in 27ms (next.js: 1319µs, application-code: 26ms)
 GET / 200 in 37ms (next.js: 1413µs, application-code: 36ms)
 GET / 200 in 35ms (next.js: 1284µs, application-code: 33ms)
 GET / 200 in 43ms (next.js: 1971µs, application-code: 41ms)
 GET / 200 in 35ms (next.js: 2ms, application-code: 33ms)
 GET / 200 in 41ms (next.js: 2ms, application-code: 39ms)
 GET / 200 in 46ms (next.js: 2ms, application-code: 44ms)
 GET / 200 in 48ms (next.js: 3ms, application-code: 45ms)
 GET / 200 in 51ms (next.js: 3ms, application-code: 48ms)
 GET / 200 in 33ms (next.js: 2ms, application-code: 31ms)
 GET / 200 in 44ms (next.js: 3ms, application-code: 41ms)
 GET / 200 in 38ms (next.js: 2ms, application-code: 36ms)
 GET / 200 in 40ms (next.js: 3ms, application-code: 37ms)
 GET / 200 in 44ms (next.js: 2ms, application-code: 42ms)
 GET / 200 in 38ms (next.js: 2ms, application-code: 35ms)
 GET / 200 in 44ms (next.js: 1836µs, application-code: 43ms)
 GET / 200 in 44ms (next.js: 2ms, application-code: 42ms)
 GET / 200 in 39ms (next.js: 1612µs, application-code: 37ms)
 GET / 200 in 36ms (next.js: 1998µs, application-code: 34ms)
 GET / 200 in 40ms (next.js: 1811µs, application-code: 38ms)
 GET / 200 in 42ms (next.js: 3ms, application-code: 39ms)
 GET / 200 in 41ms (next.js: 2ms, application-code: 39ms)
 GET / 200 in 35ms (next.js: 1205µs, application-code: 34ms)
 GET / 200 in 41ms (next.js: 3ms, application-code: 39ms)
 GET / 200 in 40ms (next.js: 2ms, application-code: 38ms)
 GET / 200 in 42ms (next.js: 3ms, application-code: 39ms)
 GET / 200 in 39ms (next.js: 2ms, application-code: 36ms)
 GET / 200 in 43ms (next.js: 3ms, application-code: 41ms)
 GET / 200 in 34ms (next.js: 1207µs, application-code: 32ms)
 GET / 200 in 28ms (next.js: 2ms, application-code: 26ms)
 GET / 200 in 37ms (next.js: 1883µs, application-code: 36ms)
 GET / 200 in 46ms (next.js: 3ms, application-code: 44ms)
 GET / 200 in 39ms (next.js: 2ms, application-code: 36ms)
 GET / 200 in 42ms (next.js: 3ms, application-code: 39ms)
 GET / 200 in 46ms (next.js: 1589µs, application-code: 44ms)
 GET / 200 in 44ms (next.js: 4ms, application-code: 41ms)
 GET / 200 in 31ms (next.js: 3ms, application-code: 28ms)
 GET / 200 in 44ms (next.js: 2ms, application-code: 41ms)
 GET / 200 in 43ms (next.js: 1611µs, application-code: 42ms)
 GET / 200 in 39ms (next.js: 2ms, application-code: 37ms)
 GET / 200 in 45ms (next.js: 3ms, application-code: 42ms)
 GET / 200 in 35ms (next.js: 1277µs, application-code: 34ms)
 GET / 200 in 36ms (next.js: 1251µs, application-code: 35ms)
 GET / 200 in 36ms (next.js: 1230µs, application-code: 35ms)
 GET / 200 in 36ms (next.js: 1645µs, application-code: 34ms)
 GET / 200 in 44ms (next.js: 3ms, application-code: 41ms)
 GET / 200 in 46ms (next.js: 2ms, application-code: 44ms)
 GET / 200 in 45ms (next.js: 3ms, application-code: 42ms)
 GET / 200 in 39ms (next.js: 1874µs, application-code: 37ms)
 GET / 200 in 39ms (next.js: 1806µs, application-code: 37ms)
 GET / 200 in 41ms (next.js: 1758µs, application-code: 40ms)
 GET / 200 in 43ms (next.js: 1563µs, application-code: 42ms)
 GET / 200 in 36ms (next.js: 2ms, application-code: 34ms)
 GET / 200 in 39ms (next.js: 2ms, application-code: 36ms)
 GET / 200 in 47ms (next.js: 1952µs, application-code: 45ms)
 GET / 200 in 37ms (next.js: 3ms, application-code: 34ms)
 GET / 200 in 40ms (next.js: 2ms, application-code: 38ms)
 GET / 200 in 36ms (next.js: 1693µs, application-code: 35ms)
 GET / 200 in 39ms (next.js: 1582µs, application-code: 37ms)
 GET / 200 in 48ms (next.js: 2ms, application-code: 45ms)
 GET / 200 in 39ms (next.js: 1739µs, application-code: 38ms)
 GET / 200 in 34ms (next.js: 1840µs, application-code: 32ms)
 GET / 200 in 38ms (next.js: 2ms, application-code: 35ms)
 GET / 200 in 42ms (next.js: 1626µs, application-code: 40ms)
 GET / 200 in 37ms (next.js: 3ms, application-code: 34ms)
 GET / 200 in 28ms (next.js: 1153µs, application-code: 26ms)
 GET / 200 in 29ms (next.js: 1561µs, application-code: 27ms)
 GET / 200 in 29ms (next.js: 2ms, application-code: 26ms)
 GET / 200 in 44ms (next.js: 3ms, application-code: 41ms)
 GET / 200 in 34ms (next.js: 2ms, application-code: 32ms)
 GET / 200 in 39ms (next.js: 1856µs, application-code: 37ms)
 GET / 200 in 47ms (next.js: 3ms, application-code: 45ms)
 GET / 200 in 48ms (next.js: 5ms, application-code: 44ms)
 GET / 200 in 49ms (next.js: 1583µs, application-code: 48ms)
 GET / 200 in 43ms (next.js: 5ms, application-code: 38ms)
 GET / 200 in 45ms (next.js: 1951µs, application-code: 43ms)
 GET / 200 in 49ms (next.js: 1598µs, application-code: 47ms)
 GET / 200 in 42ms (next.js: 3ms, application-code: 40ms)
 GET / 200 in 39ms (next.js: 1976µs, application-code: 37ms)
 GET / 200 in 35ms (next.js: 1856µs, application-code: 33ms)
 GET / 200 in 42ms (next.js: 1665µs, application-code: 41ms)
 GET / 200 in 46ms (next.js: 2ms, application-code: 44ms)
 GET / 200 in 39ms (next.js: 2ms, application-code: 37ms)
 GET / 200 in 38ms (next.js: 3ms, application-code: 35ms)
 GET / 200 in 41ms (next.js: 1192µs, application-code: 40ms)
 GET / 200 in 39ms (next.js: 1522µs, application-code: 38ms)
 GET / 200 in 36ms (next.js: 1753µs, application-code: 34ms)
 GET / 200 in 44ms (next.js: 1636µs, application-code: 43ms)
 GET / 200 in 31ms (next.js: 1677µs, application-code: 30ms)
 GET / 200 in 40ms (next.js: 2ms, application-code: 38ms)
 GET / 200 in 41ms (next.js: 1942µs, application-code: 39ms)
 GET / 200 in 37ms (next.js: 1167µs, application-code: 36ms)
 GET / 200 in 45ms (next.js: 1924µs, application-code: 43ms)
 GET / 200 in 43ms (next.js: 1537µs, application-code: 41ms)
 GET / 200 in 46ms (next.js: 1754µs, application-code: 44ms)
 GET / 200 in 40ms (next.js: 1588µs, application-code: 38ms)
 GET / 200 in 41ms (next.js: 3ms, application-code: 39ms)
 GET / 200 in 39ms (next.js: 3ms, application-code: 37ms)
 GET / 200 in 41ms (next.js: 1972µs, application-code: 39ms)
 GET / 200 in 41ms (next.js: 2ms, application-code: 39ms)
 GET / 200 in 40ms (next.js: 2ms, application-code: 38ms)
 GET / 200 in 39ms (next.js: 2ms, application-code: 37ms)
 GET / 200 in 43ms (next.js: 2ms, application-code: 41ms)
 GET / 200 in 30ms (next.js: 1867µs, application-code: 28ms)
 GET / 200 in 37ms (next.js: 3ms, application-code: 34ms)
 GET / 200 in 40ms (next.js: 3ms, application-code: 37ms)
 GET / 200 in 42ms (next.js: 2ms, application-code: 40ms)
 GET / 200 in 35ms (next.js: 2ms, application-code: 32ms)
 GET / 200 in 42ms (next.js: 2ms, application-code: 40ms)
 GET / 200 in 29ms (next.js: 1382µs, application-code: 28ms)
 GET / 200 in 36ms (next.js: 1828µs, application-code: 34ms)
 GET / 200 in 38ms (next.js: 2ms, application-code: 36ms)
 GET / 200 in 41ms (next.js: 2ms, application-code: 39ms)
 GET / 200 in 25ms (next.js: 1627µs, application-code: 23ms)
 GET / 200 in 40ms (next.js: 1943µs, application-code: 38ms)
 GET / 200 in 41ms (next.js: 2ms, application-code: 39ms)
 GET / 200 in 42ms (next.js: 5ms, application-code: 37ms)
 GET / 200 in 39ms (next.js: 2ms, application-code: 37ms)
 GET / 200 in 49ms (next.js: 1589µs, application-code: 47ms)
 GET / 200 in 40ms (next.js: 2ms, application-code: 38ms)
 GET / 200 in 37ms (next.js: 3ms, application-code: 35ms)
 GET / 200 in 37ms (next.js: 1144µs, application-code: 36ms)
 GET / 200 in 45ms (next.js: 1923µs, application-code: 43ms)
 GET / 200 in 34ms (next.js: 2ms, application-code: 32ms)
 GET / 200 in 39ms (next.js: 3ms, application-code: 36ms)
 GET / 200 in 39ms (next.js: 2ms, application-code: 36ms)
 GET / 200 in 52ms (next.js: 3ms, application-code: 49ms)
 GET / 200 in 49ms (next.js: 2ms, application-code: 47ms)
 GET / 200 in 41ms (next.js: 2ms, application-code: 38ms)
 GET / 200 in 40ms (next.js: 2ms, application-code: 38ms)
 GET / 200 in 41ms (next.js: 3ms, application-code: 38ms)
 GET / 200 in 41ms (next.js: 3ms, application-code: 38ms)
 GET / 200 in 45ms (next.js: 1590µs, application-code: 43ms)
 GET / 200 in 46ms (next.js: 2ms, application-code: 43ms)
 GET / 200 in 43ms (next.js: 2ms, application-code: 40ms)
 GET / 200 in 41ms (next.js: 2ms, application-code: 38ms)
 GET / 200 in 39ms (next.js: 1261µs, application-code: 38ms)
 GET / 200 in 36ms (next.js: 1561µs, application-code: 34ms)
 GET / 200 in 47ms (next.js: 1710µs, application-code: 45ms)
 GET / 200 in 42ms (next.js: 2ms, application-code: 40ms)
 GET / 200 in 34ms (next.js: 2ms, application-code: 32ms)
 GET / 200 in 48ms (next.js: 1737µs, application-code: 46ms)
 GET / 200 in 56ms (next.js: 3ms, application-code: 53ms)
 GET / 200 in 59ms (next.js: 2ms, application-code: 57ms)
 GET / 200 in 52ms (next.js: 3ms, application-code: 49ms)
 GET / 200 in 44ms (next.js: 1478µs, application-code: 43ms)
 GET / 200 in 47ms (next.js: 2ms, application-code: 45ms)
 GET / 200 in 45ms (next.js: 1602µs, application-code: 43ms)
 GET / 200 in 47ms (next.js: 1437µs, application-code: 45ms)
 GET / 200 in 43ms (next.js: 1894µs, application-code: 41ms)
 GET / 200 in 47ms (next.js: 1261µs, application-code: 45ms)
 GET / 200 in 48ms (next.js: 1678µs, application-code: 46ms)
 GET / 200 in 40ms (next.js: 1895µs, application-code: 38ms)
 GET / 200 in 44ms (next.js: 3ms, application-code: 42ms)
 GET / 200 in 41ms (next.js: 2ms, application-code: 39ms)
 GET / 200 in 41ms (next.js: 2ms, application-code: 39ms)
 GET / 200 in 42ms (next.js: 3ms, application-code: 40ms)
 GET / 200 in 45ms (next.js: 1467µs, application-code: 44ms)
 GET / 200 in 39ms (next.js: 1573µs, application-code: 38ms)
 GET / 200 in 46ms (next.js: 2ms, application-code: 44ms)
 GET / 200 in 34ms (next.js: 2ms, application-code: 32ms)
 GET / 200 in 48ms (next.js: 2ms, application-code: 46ms)
 GET / 200 in 45ms (next.js: 1833µs, application-code: 43ms)
 GET / 200 in 40ms (next.js: 1589µs, application-code: 39ms)
 GET / 200 in 52ms (next.js: 3ms, application-code: 49ms)
 GET / 200 in 46ms (next.js: 1611µs, application-code: 44ms)
 GET / 200 in 49ms (next.js: 4ms, application-code: 45ms)
 GET / 200 in 48ms (next.js: 1766µs, application-code: 46ms)
 GET / 200 in 39ms (next.js: 3ms, application-code: 36ms)
 GET / 200 in 40ms (next.js: 1877µs, application-code: 38ms)
 GET / 200 in 34ms (next.js: 2ms, application-code: 32ms)
 GET / 200 in 47ms (next.js: 4ms, application-code: 43ms)
 GET / 200 in 81ms (next.js: 7ms, application-code: 74ms)
 GET / 200 in 40ms (next.js: 3ms, application-code: 37ms)
 GET / 200 in 47ms (next.js: 8ms, application-code: 40ms)
 GET / 200 in 40ms (next.js: 3ms, application-code: 37ms)
 GET / 200 in 42ms (next.js: 1336µs, application-code: 41ms)
 GET / 200 in 43ms (next.js: 2ms, application-code: 40ms)
 GET / 200 in 45ms (next.js: 1844µs, application-code: 43ms)
 GET / 200 in 43ms (next.js: 1721µs, application-code: 41ms)
 GET / 200 in 46ms (next.js: 1786µs, application-code: 44ms)
 GET / 200 in 42ms (next.js: 2ms, application-code: 40ms)
 GET / 200 in 38ms (next.js: 1352µs, application-code: 37ms)
 GET / 200 in 39ms (next.js: 2ms, application-code: 37ms)
 GET / 200 in 38ms (next.js: 1884µs, application-code: 36ms)
 GET / 200 in 44ms (next.js: 1262µs, application-code: 43ms)
 GET / 200 in 40ms (next.js: 1754µs, application-code: 38ms)
 GET / 200 in 41ms (next.js: 3ms, application-code: 38ms)
 GET / 200 in 46ms (next.js: 2ms, application-code: 44ms)
 GET / 200 in 39ms (next.js: 1802µs, application-code: 37ms)
 GET / 200 in 39ms (next.js: 3ms, application-code: 37ms)
 GET / 200 in 36ms (next.js: 2ms, application-code: 34ms)
 GET / 200 in 31ms (next.js: 1690µs, application-code: 29ms)
 GET / 200 in 34ms (next.js: 1956µs, application-code: 32ms)
 GET / 200 in 41ms (next.js: 3ms, application-code: 38ms)
 GET / 200 in 27ms (next.js: 2ms, application-code: 25ms)
 GET / 200 in 29ms (next.js: 2ms, application-code: 27ms)
 GET / 200 in 42ms (next.js: 1312µs, application-code: 41ms)
 GET / 200 in 41ms (next.js: 3ms, application-code: 38ms)
 GET / 200 in 39ms (next.js: 2ms, application-code: 37ms)
 GET / 200 in 41ms (next.js: 2ms, application-code: 39ms)
 GET / 200 in 33ms (next.js: 1224µs, application-code: 32ms)
 GET / 200 in 32ms (next.js: 2ms, application-code: 29ms)
 GET / 200 in 46ms (next.js: 1636µs, application-code: 44ms)
 GET / 200 in 31ms (next.js: 1424µs, application-code: 30ms)
 GET / 200 in 35ms (next.js: 1717µs, application-code: 34ms)
 GET / 200 in 29ms (next.js: 2ms, application-code: 27ms)
 GET / 200 in 32ms (next.js: 4ms, application-code: 29ms)
 GET / 200 in 43ms (next.js: 2ms, application-code: 41ms)
 GET / 200 in 50ms (next.js: 3ms, application-code: 47ms)
 GET / 200 in 41ms (next.js: 2ms, application-code: 38ms)
 GET / 200 in 37ms (next.js: 1345µs, application-code: 35ms)
 GET / 200 in 62ms (next.js: 3ms, application-code: 59ms)
 GET / 200 in 58ms (next.js: 4ms, application-code: 55ms)
 GET / 200 in 58ms (next.js: 1792µs, application-code: 56ms)
 GET / 200 in 43ms (next.js: 1152µs, application-code: 42ms)
 GET / 200 in 44ms (next.js: 2ms, application-code: 42ms)
 GET / 200 in 45ms (next.js: 1770µs, application-code: 43ms)
 GET / 200 in 44ms (next.js: 2ms, application-code: 42ms)
 GET / 200 in 43ms (next.js: 2ms, application-code: 41ms)
 GET / 200 in 49ms (next.js: 1739µs, application-code: 47ms)
 GET / 200 in 40ms (next.js: 3ms, application-code: 37ms)
 GET / 200 in 49ms (next.js: 3ms, application-code: 46ms)
 GET / 200 in 37ms (next.js: 3ms, application-code: 35ms)
 GET / 200 in 49ms (next.js: 3ms, application-code: 45ms)
 GET / 200 in 40ms (next.js: 3ms, application-code: 38ms)
 GET / 200 in 46ms (next.js: 1160µs, application-code: 45ms)
 GET / 200 in 51ms (next.js: 1212µs, application-code: 49ms)
 GET / 200 in 39ms (next.js: 1691µs, application-code: 37ms)
 GET / 200 in 29ms (next.js: 2ms, application-code: 27ms)
 GET / 200 in 40ms (next.js: 1847µs, application-code: 38ms)
 GET / 200 in 37ms (next.js: 1320µs, application-code: 36ms)
 GET / 200 in 49ms (next.js: 1904µs, application-code: 47ms)
 GET / 200 in 71ms (next.js: 3ms, application-code: 68ms)
 GET / 200 in 42ms (next.js: 2ms, application-code: 40ms)
 GET / 200 in 43ms (next.js: 3ms, application-code: 40ms)
 GET / 200 in 39ms (next.js: 2ms, application-code: 36ms)
 GET / 200 in 43ms (next.js: 3ms, application-code: 40ms)
 GET / 200 in 29ms (next.js: 1476µs, application-code: 28ms)
 GET / 200 in 32ms (next.js: 1179µs, application-code: 31ms)
 GET / 200 in 29ms (next.js: 1239µs, application-code: 28ms)
 GET / 200 in 36ms (next.js: 2ms, application-code: 34ms)
 GET / 200 in 41ms (next.js: 1318µs, application-code: 40ms)
 GET / 200 in 37ms (next.js: 3ms, application-code: 34ms)
 GET / 200 in 36ms (next.js: 1680µs, application-code: 34ms)
 GET / 200 in 39ms (next.js: 3ms, application-code: 36ms)
 GET / 200 in 30ms (next.js: 1794µs, application-code: 28ms)
 GET / 200 in 44ms (next.js: 1671µs, application-code: 42ms)
 GET / 200 in 35ms (next.js: 1584µs, application-code: 33ms)
 GET / 200 in 28ms (next.js: 1078µs, application-code: 27ms)
 GET / 200 in 57ms (next.js: 1201µs, application-code: 56ms)
 GET / 200 in 35ms (next.js: 1760µs, application-code: 34ms)
 GET / 200 in 62ms (next.js: 1796µs, application-code: 61ms)
 GET / 200 in 38ms (next.js: 3ms, application-code: 35ms)
 GET / 200 in 39ms (next.js: 1476µs, application-code: 37ms)
 GET / 200 in 38ms (next.js: 2ms, application-code: 36ms)
 GET / 200 in 40ms (next.js: 3ms, application-code: 37ms)
 GET / 200 in 45ms (next.js: 1707µs, application-code: 44ms)
 GET / 200 in 38ms (next.js: 1573µs, application-code: 36ms)
 GET / 200 in 28ms (next.js: 2ms, application-code: 26ms)
 GET / 200 in 38ms (next.js: 1370µs, application-code: 37ms)
 GET / 200 in 42ms (next.js: 3ms, application-code: 39ms)
 GET / 200 in 32ms (next.js: 3ms, application-code: 29ms)
 GET / 200 in 39ms (next.js: 1907µs, application-code: 37ms)
 GET / 200 in 42ms (next.js: 2ms, application-code: 40ms)
 GET / 200 in 42ms (next.js: 3ms, application-code: 40ms)
 GET / 200 in 36ms (next.js: 1911µs, application-code: 34ms)
 GET / 200 in 39ms (next.js: 2ms, application-code: 36ms)
 GET / 200 in 46ms (next.js: 1330µs, application-code: 45ms)
 GET / 200 in 34ms (next.js: 1795µs, application-code: 32ms)
 GET / 200 in 37ms (next.js: 2ms, application-code: 35ms)
 GET / 200 in 36ms (next.js: 2ms, application-code: 34ms)
 GET / 200 in 45ms (next.js: 2ms, application-code: 43ms)
 GET / 200 in 50ms (next.js: 2ms, application-code: 48ms)
 GET / 200 in 40ms (next.js: 2ms, application-code: 38ms)
 GET / 200 in 46ms (next.js: 2ms, application-code: 44ms)
 GET / 200 in 42ms (next.js: 1462µs, application-code: 40ms)
 GET / 200 in 40ms (next.js: 1525µs, application-code: 38ms)
 GET / 200 in 44ms (next.js: 2ms, application-code: 41ms)
 GET / 200 in 38ms (next.js: 3ms, application-code: 35ms)
 GET / 200 in 39ms (next.js: 2ms, application-code: 37ms)
 GET / 200 in 44ms (next.js: 3ms, application-code: 42ms)
 GET / 200 in 28ms (next.js: 1182µs, application-code: 27ms)
 GET / 200 in 31ms (next.js: 1174µs, application-code: 30ms)
 GET / 200 in 27ms (next.js: 1117µs, application-code: 26ms)
 GET / 200 in 35ms (next.js: 1389µs, application-code: 33ms)
 GET / 200 in 31ms (next.js: 1842µs, application-code: 29ms)
 GET / 200 in 33ms (next.js: 2ms, application-code: 31ms)
 GET / 200 in 31ms (next.js: 1468µs, application-code: 30ms)
 GET / 200 in 36ms (next.js: 1564µs, application-code: 34ms)
 GET / 200 in 41ms (next.js: 2ms, application-code: 38ms)
 GET / 200 in 36ms (next.js: 1569µs, application-code: 35ms)
 GET / 200 in 34ms (next.js: 1268µs, application-code: 32ms)
 GET / 200 in 43ms (next.js: 2ms, application-code: 41ms)
 GET / 200 in 40ms (next.js: 1283µs, application-code: 38ms)
 GET / 200 in 33ms (next.js: 3ms, application-code: 30ms)
 GET / 200 in 31ms (next.js: 1875µs, application-code: 29ms)
 GET / 200 in 33ms (next.js: 1881µs, application-code: 31ms)
 GET / 200 in 37ms (next.js: 1134µs, application-code: 36ms)
 GET / 200 in 26ms (next.js: 2ms, application-code: 24ms)
 GET / 200 in 37ms (next.js: 1131µs, application-code: 36ms)
 GET / 200 in 28ms (next.js: 1613µs, application-code: 26ms)
 GET / 200 in 35ms (next.js: 2ms, application-code: 33ms)
 GET / 200 in 41ms (next.js: 2ms, application-code: 39ms)
 GET / 200 in 39ms (next.js: 3ms, application-code: 36ms)
 GET / 200 in 36ms (next.js: 3ms, application-code: 33ms)
 GET / 200 in 28ms (next.js: 1879µs, application-code: 26ms)
 GET / 200 in 35ms (next.js: 1485µs, application-code: 33ms)
 GET / 200 in 42ms (next.js: 3ms, application-code: 39ms)
 GET / 200 in 40ms (next.js: 1358µs, application-code: 39ms)
 GET / 200 in 33ms (next.js: 1541µs, application-code: 31ms)
 GET / 200 in 38ms (next.js: 1196µs, application-code: 37ms)
 GET / 200 in 35ms (next.js: 1159µs, application-code: 34ms)
 GET / 200 in 31ms (next.js: 1087µs, application-code: 30ms)
 GET / 200 in 40ms (next.js: 1600µs, application-code: 39ms)
 GET / 200 in 38ms (next.js: 1426µs, application-code: 36ms)
 GET / 200 in 38ms (next.js: 1825µs, application-code: 36ms)
 GET / 200 in 40ms (next.js: 2ms, application-code: 37ms)
 GET / 200 in 51ms (next.js: 2ms, application-code: 49ms)
 GET / 200 in 72ms (next.js: 5ms, application-code: 68ms)
 GET / 200 in 49ms (next.js: 2ms, application-code: 47ms)
 GET / 200 in 43ms (next.js: 1987µs, application-code: 41ms)
 GET / 200 in 41ms (next.js: 1643µs, application-code: 40ms)
 GET / 200 in 53ms (next.js: 2ms, application-code: 50ms)
 GET / 200 in 47ms (next.js: 1685µs, application-code: 46ms)
 GET / 200 in 40ms (next.js: 1169µs, application-code: 39ms)
 GET / 200 in 35ms (next.js: 1422µs, application-code: 34ms)
 GET / 200 in 47ms (next.js: 1501µs, application-code: 46ms)
 GET / 200 in 39ms (next.js: 3ms, application-code: 36ms)
 GET / 200 in 39ms (next.js: 1519µs, application-code: 38ms)
 GET / 200 in 38ms (next.js: 1904µs, application-code: 36ms)
 GET / 200 in 38ms (next.js: 1936µs, application-code: 36ms)
 GET / 200 in 33ms (next.js: 2ms, application-code: 30ms)
 GET / 200 in 41ms (next.js: 1345µs, application-code: 39ms)
 GET / 200 in 42ms (next.js: 2ms, application-code: 40ms)
 GET / 200 in 41ms (next.js: 2ms, application-code: 39ms)
 GET / 200 in 35ms (next.js: 1726µs, application-code: 33ms)
 GET / 200 in 33ms (next.js: 1165µs, application-code: 31ms)
 GET / 200 in 48ms (next.js: 4ms, application-code: 44ms)
 GET / 200 in 51ms (next.js: 1888µs, application-code: 49ms)
 GET / 200 in 48ms (next.js: 1920µs, application-code: 46ms)
 GET / 200 in 41ms (next.js: 3ms, application-code: 38ms)
 GET / 200 in 45ms (next.js: 1436µs, application-code: 44ms)
 GET / 200 in 43ms (next.js: 1433µs, application-code: 42ms)
 GET / 200 in 34ms (next.js: 1528µs, application-code: 32ms)
 GET / 200 in 36ms (next.js: 1910µs, application-code: 35ms)
 GET / 200 in 43ms (next.js: 2ms, application-code: 41ms)
 GET / 200 in 42ms (next.js: 1362µs, application-code: 41ms)
 GET / 200 in 42ms (next.js: 1750µs, application-code: 41ms)
 GET / 200 in 48ms (next.js: 1707µs, application-code: 47ms)
 GET / 200 in 39ms (next.js: 3ms, application-code: 36ms)
 GET / 200 in 45ms (next.js: 3ms, application-code: 43ms)
 GET / 200 in 43ms (next.js: 2ms, application-code: 40ms)
 GET / 200 in 52ms (next.js: 3ms, application-code: 50ms)
 GET / 200 in 46ms (next.js: 1995µs, application-code: 44ms)
 GET / 200 in 51ms (next.js: 2ms, application-code: 48ms)
 GET / 200 in 51ms (next.js: 3ms, application-code: 48ms)
 GET / 200 in 43ms (next.js: 1513µs, application-code: 42ms)
 GET / 200 in 51ms (next.js: 1728µs, application-code: 49ms)
 GET / 200 in 50ms (next.js: 2ms, application-code: 48ms)
 GET / 200 in 43ms (next.js: 2ms, application-code: 41ms)
 GET / 200 in 47ms (next.js: 1944µs, application-code: 45ms)
 GET / 200 in 45ms (next.js: 1561µs, application-code: 44ms)
 GET / 200 in 47ms (next.js: 2ms, application-code: 45ms)
 GET / 200 in 40ms (next.js: 1463µs, application-code: 38ms)
 GET / 200 in 39ms (next.js: 1460µs, application-code: 37ms)
 GET / 200 in 43ms (next.js: 2ms, application-code: 40ms)
 GET / 200 in 40ms (next.js: 3ms, application-code: 38ms)
 GET / 200 in 36ms (next.js: 2ms, application-code: 34ms)
 GET / 200 in 40ms (next.js: 3ms, application-code: 38ms)
 GET / 200 in 42ms (next.js: 1937µs, application-code: 40ms)
 GET / 200 in 33ms (next.js: 1843µs, application-code: 32ms)
 GET / 200 in 42ms (next.js: 3ms, application-code: 39ms)
 GET / 200 in 52ms (next.js: 3ms, application-code: 50ms)
 GET / 200 in 36ms (next.js: 2ms, application-code: 34ms)
 GET / 200 in 41ms (next.js: 1631µs, application-code: 39ms)
 GET / 200 in 47ms (next.js: 2ms, application-code: 45ms)
 GET / 200 in 48ms (next.js: 1596µs, application-code: 47ms)
 GET / 200 in 33ms (next.js: 1940µs, application-code: 31ms)
 GET / 200 in 41ms (next.js: 1907µs, application-code: 40ms)
 GET / 200 in 44ms (next.js: 1643µs, application-code: 42ms)
 GET / 200 in 46ms (next.js: 2ms, application-code: 44ms)
 GET / 200 in 43ms (next.js: 2ms, application-code: 41ms)
 GET / 200 in 34ms (next.js: 3ms, application-code: 31ms)
 GET / 200 in 40ms (next.js: 1668µs, application-code: 38ms)
 GET / 200 in 44ms (next.js: 1478µs, application-code: 43ms)
 GET / 200 in 42ms (next.js: 2ms, application-code: 40ms)
 GET / 200 in 26ms (next.js: 1425µs, application-code: 25ms)
 GET / 200 in 43ms (next.js: 2ms, application-code: 41ms)
 GET / 200 in 41ms (next.js: 2ms, application-code: 39ms)
 GET / 200 in 39ms (next.js: 1497µs, application-code: 38ms)
 GET / 200 in 37ms (next.js: 1474µs, application-code: 35ms)
 GET / 200 in 40ms (next.js: 3ms, application-code: 37ms)
 GET / 200 in 37ms (next.js: 1532µs, application-code: 35ms)
 GET / 200 in 40ms (next.js: 3ms, application-code: 38ms)
 GET / 200 in 35ms (next.js: 1178µs, application-code: 33ms)
 GET / 200 in 43ms (next.js: 2ms, application-code: 41ms)
 GET / 200 in 45ms (next.js: 2ms, application-code: 43ms)
 GET / 200 in 39ms (next.js: 1926µs, application-code: 37ms)
 GET / 200 in 39ms (next.js: 1604µs, application-code: 37ms)
 GET / 200 in 47ms (next.js: 3ms, application-code: 45ms)
 GET / 200 in 40ms (next.js: 1515µs, application-code: 39ms)
 GET / 200 in 37ms (next.js: 1604µs, application-code: 36ms)
 GET / 200 in 37ms (next.js: 2ms, application-code: 35ms)
 GET / 200 in 39ms (next.js: 1913µs, application-code: 37ms)
 GET / 200 in 42ms (next.js: 3ms, application-code: 39ms)
 GET / 200 in 49ms (next.js: 2ms, application-code: 46ms)
 GET / 200 in 41ms (next.js: 1441µs, application-code: 40ms)
 GET / 200 in 31ms (next.js: 1901µs, application-code: 29ms)
 GET / 200 in 41ms (next.js: 1466µs, application-code: 39ms)
 GET / 200 in 37ms (next.js: 2ms, application-code: 35ms)
 GET / 200 in 49ms (next.js: 2ms, application-code: 47ms)
 GET / 200 in 32ms (next.js: 3ms, application-code: 29ms)
 GET / 200 in 37ms (next.js: 1815µs, application-code: 35ms)
 GET / 200 in 38ms (next.js: 1892µs, application-code: 37ms)
 GET / 200 in 40ms (next.js: 1648µs, application-code: 38ms)
 GET / 200 in 40ms (next.js: 1702µs, application-code: 38ms)
 GET / 200 in 44ms (next.js: 3ms, application-code: 41ms)
 GET / 200 in 40ms (next.js: 1849µs, application-code: 38ms)
 GET / 200 in 33ms (next.js: 1671µs, application-code: 31ms)
 GET / 200 in 37ms (next.js: 1343µs, application-code: 36ms)
 GET / 200 in 48ms (next.js: 3ms, application-code: 45ms)
 GET / 200 in 50ms (next.js: 3ms, application-code: 47ms)
 GET / 200 in 53ms (next.js: 2ms, application-code: 50ms)
 GET / 200 in 47ms (next.js: 2ms, application-code: 45ms)
 GET / 200 in 52ms (next.js: 1317µs, application-code: 51ms)
 GET / 200 in 44ms (next.js: 2ms, application-code: 42ms)
 GET / 200 in 32ms (next.js: 1948µs, application-code: 30ms)
 GET / 200 in 44ms (next.js: 2ms, application-code: 42ms)
 GET / 200 in 43ms (next.js: 1539µs, application-code: 41ms)
 GET / 200 in 41ms (next.js: 2ms, application-code: 39ms)
 GET / 200 in 42ms (next.js: 1626µs, application-code: 40ms)
 GET / 200 in 42ms (next.js: 1360µs, application-code: 40ms)
 GET / 200 in 48ms (next.js: 1431µs, application-code: 47ms)
 GET / 200 in 39ms (next.js: 3ms, application-code: 37ms)
 GET / 200 in 38ms (next.js: 1642µs, application-code: 36ms)
 GET / 200 in 40ms (next.js: 3ms, application-code: 37ms)
 GET / 200 in 37ms (next.js: 1909µs, application-code: 35ms)
 GET / 200 in 44ms (next.js: 2ms, application-code: 42ms)
 GET / 200 in 31ms (next.js: 2ms, application-code: 29ms)
 GET / 200 in 41ms (next.js: 1207µs, application-code: 40ms)
 GET / 200 in 35ms (next.js: 1166µs, application-code: 34ms)
 GET / 200 in 37ms (next.js: 1339µs, application-code: 35ms)
 GET / 200 in 35ms (next.js: 2ms, application-code: 33ms)
 GET / 200 in 40ms (next.js: 2ms, application-code: 37ms)
 GET / 200 in 36ms (next.js: 2ms, application-code: 34ms)
 GET / 200 in 37ms (next.js: 1249µs, application-code: 36ms)
 GET / 200 in 38ms (next.js: 2ms, application-code: 35ms)
 GET / 200 in 31ms (next.js: 2ms, application-code: 29ms)
 GET / 200 in 29ms (next.js: 1944µs, application-code: 27ms)
 GET / 200 in 37ms (next.js: 3ms, application-code: 35ms)
 GET / 200 in 31ms (next.js: 1831µs, application-code: 29ms)
 GET / 200 in 38ms (next.js: 2ms, application-code: 36ms)
 GET / 200 in 34ms (next.js: 1205µs, application-code: 33ms)
 GET / 200 in 46ms (next.js: 3ms, application-code: 44ms)
 GET / 200 in 40ms (next.js: 1385µs, application-code: 39ms)
 GET / 200 in 24ms (next.js: 1147µs, application-code: 23ms)
 GET / 200 in 42ms (next.js: 2ms, application-code: 39ms)
 GET / 200 in 38ms (next.js: 1906µs, application-code: 36ms)
 GET / 200 in 40ms (next.js: 2ms, application-code: 38ms)
 GET / 200 in 44ms (next.js: 2ms, application-code: 42ms)
 GET / 200 in 33ms (next.js: 1438µs, application-code: 32ms)
 GET / 200 in 38ms (next.js: 1131µs, application-code: 37ms)
 GET / 200 in 42ms (next.js: 1364µs, application-code: 41ms)
 GET / 200 in 62ms (next.js: 1689µs, application-code: 61ms)
 GET / 200 in 34ms (next.js: 1217µs, application-code: 33ms)
 GET / 200 in 40ms (next.js: 1582µs, application-code: 38ms)
 GET / 200 in 44ms (next.js: 2ms, application-code: 42ms)
 GET / 200 in 43ms (next.js: 2ms, application-code: 41ms)
 GET / 200 in 57ms (next.js: 2ms, application-code: 55ms)
 GET / 200 in 64ms (next.js: 2ms, application-code: 62ms)
 GET / 200 in 58ms (next.js: 2ms, application-code: 56ms)
 GET / 200 in 56ms (next.js: 3ms, application-code: 53ms)
 GET / 200 in 74ms (next.js: 1807µs, application-code: 72ms)
 GET / 200 in 49ms (next.js: 1669µs, application-code: 48ms)
 GET / 200 in 47ms (next.js: 2ms, application-code: 44ms)
 GET / 200 in 51ms (next.js: 2ms, application-code: 49ms)
 GET / 200 in 46ms (next.js: 2ms, application-code: 44ms)
 GET / 200 in 43ms (next.js: 1522µs, application-code: 42ms)
 GET / 200 in 39ms (next.js: 1746µs, application-code: 37ms)
 GET / 200 in 46ms (next.js: 2ms, application-code: 44ms)
 GET / 200 in 43ms (next.js: 2ms, application-code: 41ms)
 GET / 200 in 40ms (next.js: 1986µs, application-code: 38ms)
 GET / 200 in 42ms (next.js: 3ms, application-code: 40ms)
 GET / 200 in 47ms (next.js: 1949µs, application-code: 45ms)
 GET / 200 in 52ms (next.js: 5ms, application-code: 47ms)
 GET / 200 in 42ms (next.js: 3ms, application-code: 39ms)
 GET / 200 in 38ms (next.js: 1790µs, application-code: 37ms)
 GET / 200 in 29ms (next.js: 2ms, application-code: 27ms)
 GET / 200 in 39ms (next.js: 1729µs, application-code: 37ms)
 GET / 200 in 39ms (next.js: 1378µs, application-code: 37ms)
 GET / 200 in 43ms (next.js: 1647µs, application-code: 41ms)
 GET / 200 in 49ms (next.js: 3ms, application-code: 45ms)
 GET / 200 in 45ms (next.js: 2ms, application-code: 43ms)
 GET / 200 in 41ms (next.js: 1560µs, application-code: 39ms)
 GET / 200 in 44ms (next.js: 1641µs, application-code: 42ms)
 GET / 200 in 42ms (next.js: 1265µs, application-code: 41ms)
 GET / 200 in 45ms (next.js: 1801µs, application-code: 43ms)
 GET / 200 in 42ms (next.js: 1551µs, application-code: 41ms)
 GET / 200 in 40ms (next.js: 1814µs, application-code: 38ms)
 GET / 200 in 40ms (next.js: 2ms, application-code: 38ms)
 GET / 200 in 42ms (next.js: 2ms, application-code: 40ms)
 GET / 200 in 48ms (next.js: 3ms, application-code: 46ms)
 GET / 200 in 43ms (next.js: 3ms, application-code: 41ms)
 GET / 200 in 49ms (next.js: 2ms, application-code: 47ms)
 GET / 200 in 47ms (next.js: 1876µs, application-code: 45ms)
 GET / 200 in 47ms (next.js: 1559µs, application-code: 46ms)
 GET / 200 in 50ms (next.js: 1987µs, application-code: 48ms)
 GET / 200 in 46ms (next.js: 5ms, application-code: 41ms)
 GET / 200 in 40ms (next.js: 2ms, application-code: 37ms)
 GET / 200 in 44ms (next.js: 1439µs, application-code: 42ms)
 GET / 200 in 37ms (next.js: 3ms, application-code: 35ms)
 GET / 200 in 37ms (next.js: 1452µs, application-code: 36ms)
 GET / 200 in 42ms (next.js: 2ms, application-code: 40ms)
 GET / 200 in 40ms (next.js: 1524µs, application-code: 38ms)
 GET / 200 in 47ms (next.js: 2ms, application-code: 45ms)
 GET / 200 in 34ms (next.js: 1229µs, application-code: 33ms)
 GET / 200 in 37ms (next.js: 1795µs, application-code: 35ms)
 GET / 200 in 37ms (next.js: 1798µs, application-code: 36ms)
 GET / 200 in 31ms (next.js: 1721µs, application-code: 29ms)
 GET / 200 in 29ms (next.js: 1669µs, application-code: 28ms)
 GET / 200 in 42ms (next.js: 1154µs, application-code: 41ms)
 GET / 200 in 34ms (next.js: 1562µs, application-code: 32ms)
 GET / 200 in 40ms (next.js: 2ms, application-code: 38ms)
 GET / 200 in 40ms (next.js: 1528µs, application-code: 39ms)
 GET / 200 in 41ms (next.js: 1254µs, application-code: 40ms)
 GET / 200 in 37ms (next.js: 1521µs, application-code: 36ms)
 GET / 200 in 47ms (next.js: 1673µs, application-code: 45ms)
 GET / 200 in 62ms (next.js: 1667µs, application-code: 61ms)
 GET / 200 in 63ms (next.js: 1857µs, application-code: 61ms)
 GET / 200 in 48ms (next.js: 3ms, application-code: 45ms)
 GET / 200 in 45ms (next.js: 1769µs, application-code: 43ms)
 GET / 200 in 47ms (next.js: 3ms, application-code: 44ms)
 GET / 200 in 42ms (next.js: 1555µs, application-code: 41ms)
 GET / 200 in 49ms (next.js: 1902µs, application-code: 47ms)
 GET / 200 in 44ms (next.js: 1931µs, application-code: 43ms)
 GET / 200 in 43ms (next.js: 1530µs, application-code: 42ms)
 GET / 200 in 45ms (next.js: 3ms, application-code: 42ms)
 GET / 200 in 48ms (next.js: 1698µs, application-code: 46ms)
 GET / 200 in 52ms (next.js: 1117µs, application-code: 50ms)
 GET / 200 in 45ms (next.js: 3ms, application-code: 42ms)
 GET / 200 in 40ms (next.js: 1487µs, application-code: 39ms)
 GET / 200 in 53ms (next.js: 3ms, application-code: 50ms)
 GET / 200 in 46ms (next.js: 1545µs, application-code: 44ms)
 GET / 200 in 52ms (next.js: 2ms, application-code: 49ms)
 GET / 200 in 44ms (next.js: 1559µs, application-code: 42ms)
 GET / 200 in 41ms (next.js: 2ms, application-code: 39ms)
 GET / 200 in 57ms (next.js: 1818µs, application-code: 55ms)
 GET / 200 in 41ms (next.js: 1516µs, application-code: 40ms)
 GET / 200 in 39ms (next.js: 1427µs, application-code: 38ms)
 GET / 200 in 47ms (next.js: 3ms, application-code: 44ms)
 GET / 200 in 37ms (next.js: 1770µs, application-code: 35ms)
 GET / 200 in 39ms (next.js: 1439µs, application-code: 37ms)
 GET / 200 in 42ms (next.js: 1467µs, application-code: 40ms)
 GET / 200 in 34ms (next.js: 1409µs, application-code: 33ms)
 GET / 200 in 42ms (next.js: 1603µs, application-code: 40ms)
 GET / 200 in 41ms (next.js: 2ms, application-code: 38ms)
 GET / 200 in 45ms (next.js: 3ms, application-code: 42ms)
 GET / 200 in 32ms (next.js: 2ms, application-code: 30ms)
 GET / 200 in 41ms (next.js: 1638µs, application-code: 40ms)
 GET / 200 in 44ms (next.js: 1771µs, application-code: 43ms)
 GET / 200 in 46ms (next.js: 2ms, application-code: 43ms)
 GET / 200 in 35ms (next.js: 1152µs, application-code: 33ms)
 GET / 200 in 33ms (next.js: 1819µs, application-code: 31ms)
 GET / 200 in 42ms (next.js: 1810µs, application-code: 40ms)
 GET / 200 in 45ms (next.js: 3ms, application-code: 43ms)
 GET / 200 in 33ms (next.js: 2ms, application-code: 31ms)
 GET / 200 in 47ms (next.js: 2ms, application-code: 44ms)
 GET / 200 in 30ms (next.js: 1240µs, application-code: 29ms)
 GET / 200 in 40ms (next.js: 1585µs, application-code: 38ms)
 GET / 200 in 36ms (next.js: 1500µs, application-code: 35ms)
 GET / 200 in 41ms (next.js: 2ms, application-code: 38ms)
 GET / 200 in 43ms (next.js: 1528µs, application-code: 41ms)
 GET / 200 in 53ms (next.js: 3ms, application-code: 50ms)
 GET / 200 in 34ms (next.js: 1778µs, application-code: 32ms)
 GET / 200 in 44ms (next.js: 2ms, application-code: 42ms)
 GET / 200 in 63ms (next.js: 2ms, application-code: 61ms)
 GET / 200 in 34ms (next.js: 1165µs, application-code: 33ms)
 GET / 200 in 42ms (next.js: 1166µs, application-code: 41ms)
 GET / 200 in 43ms (next.js: 1840µs, application-code: 41ms)
 GET / 200 in 42ms (next.js: 3ms, application-code: 39ms)
 GET / 200 in 48ms (next.js: 2ms, application-code: 46ms)
 GET / 200 in 43ms (next.js: 2ms, application-code: 40ms)
 GET / 200 in 45ms (next.js: 1912µs, application-code: 43ms)
 GET / 200 in 38ms (next.js: 1459µs, application-code: 37ms)
 GET / 200 in 40ms (next.js: 2ms, application-code: 38ms)
 GET / 200 in 44ms (next.js: 1961µs, application-code: 42ms)
 GET / 200 in 50ms (next.js: 2ms, application-code: 48ms)
 GET / 200 in 46ms (next.js: 2ms, application-code: 44ms)
 GET / 200 in 40ms (next.js: 2ms, application-code: 38ms)
 GET / 200 in 46ms (next.js: 3ms, application-code: 43ms)
 GET / 200 in 43ms (next.js: 2ms, application-code: 41ms)
 GET / 200 in 37ms (next.js: 1621µs, application-code: 35ms)
 GET / 200 in 30ms (next.js: 1973µs, application-code: 28ms)
 GET / 200 in 35ms (next.js: 2ms, application-code: 32ms)
 GET / 200 in 36ms (next.js: 2ms, application-code: 34ms)
 GET / 200 in 33ms (next.js: 2ms, application-code: 31ms)
 GET / 200 in 38ms (next.js: 3ms, application-code: 36ms)
 GET / 200 in 41ms (next.js: 2ms, application-code: 38ms)
 GET / 200 in 35ms (next.js: 1326µs, application-code: 34ms)
 GET / 200 in 32ms (next.js: 1086µs, application-code: 31ms)
 GET / 200 in 33ms (next.js: 1123µs, application-code: 32ms)
 GET / 200 in 33ms (next.js: 1544µs, application-code: 32ms)
 GET / 200 in 34ms (next.js: 1172µs, application-code: 33ms)
 GET / 200 in 42ms (next.js: 1249µs, application-code: 41ms)
 GET / 200 in 35ms (next.js: 2ms, application-code: 33ms)
 GET / 200 in 30ms (next.js: 1154µs, application-code: 29ms)
 GET / 200 in 30ms (next.js: 1437µs, application-code: 29ms)
 GET / 200 in 38ms (next.js: 1561µs, application-code: 37ms)
 GET / 200 in 41ms (next.js: 2ms, application-code: 39ms)
 GET / 200 in 47ms (next.js: 1240µs, application-code: 46ms)
 GET / 200 in 33ms (next.js: 1138µs, application-code: 32ms)
 GET / 200 in 29ms (next.js: 2ms, application-code: 26ms)
 GET / 200 in 33ms (next.js: 2ms, application-code: 30ms)
 GET / 200 in 32ms (next.js: 1217µs, application-code: 30ms)
 GET / 200 in 31ms (next.js: 1668µs, application-code: 29ms)
 GET / 200 in 35ms (next.js: 1507µs, application-code: 33ms)
 GET / 200 in 50ms (next.js: 1566µs, application-code: 48ms)
 GET / 200 in 25ms (next.js: 1339µs, application-code: 24ms)
 GET / 200 in 121ms (next.js: 3ms, application-code: 118ms)
 GET / 200 in 128ms (next.js: 2ms, application-code: 126ms)
 GET / 200 in 40ms (next.js: 1712µs, application-code: 38ms)
 GET / 200 in 40ms (next.js: 1510µs, application-code: 39ms)
 GET / 200 in 39ms (next.js: 1170µs, application-code: 38ms)
 GET / 200 in 30ms (next.js: 2ms, application-code: 28ms)
 GET / 200 in 40ms (next.js: 1435µs, application-code: 39ms)
 GET / 200 in 42ms (next.js: 2ms, application-code: 39ms)
 GET / 200 in 44ms (next.js: 1583µs, application-code: 43ms)
 GET / 200 in 38ms (next.js: 2ms, application-code: 36ms)
 GET / 200 in 47ms (next.js: 1820µs, application-code: 45ms)
 GET / 200 in 39ms (next.js: 1806µs, application-code: 37ms)
 GET / 200 in 40ms (next.js: 1973µs, application-code: 38ms)
 GET / 200 in 45ms (next.js: 2ms, application-code: 43ms)
 GET / 200 in 57ms (next.js: 1181µs, application-code: 56ms)
 GET / 200 in 37ms (next.js: 2ms, application-code: 35ms)
 GET / 200 in 37ms (next.js: 2ms, application-code: 34ms)
 GET / 200 in 41ms (next.js: 2ms, application-code: 39ms)
 GET / 200 in 46ms (next.js: 1340µs, application-code: 45ms)
 GET / 200 in 51ms (next.js: 1675µs, application-code: 49ms)
 GET / 200 in 37ms (next.js: 1225µs, application-code: 36ms)
 GET / 200 in 43ms (next.js: 2ms, application-code: 40ms)
 GET / 200 in 33ms (next.js: 2ms, application-code: 31ms)
 GET / 200 in 45ms (next.js: 1644µs, application-code: 43ms)
 GET / 200 in 38ms (next.js: 2ms, application-code: 36ms)
 GET / 200 in 29ms (next.js: 1501µs, application-code: 28ms)
 GET / 200 in 26ms (next.js: 1142µs, application-code: 25ms)
 GET / 200 in 27ms (next.js: 1232µs, application-code: 26ms)
 GET / 200 in 41ms (next.js: 1168µs, application-code: 39ms)
 GET / 200 in 28ms (next.js: 1100µs, application-code: 27ms)
 GET / 200 in 25ms (next.js: 1177µs, application-code: 24ms)
 GET / 200 in 42ms (next.js: 2ms, application-code: 40ms)
 GET / 200 in 34ms (next.js: 1288µs, application-code: 33ms)
 GET / 200 in 32ms (next.js: 1168µs, application-code: 31ms)
 GET / 200 in 34ms (next.js: 2ms, application-code: 32ms)
 GET / 200 in 34ms (next.js: 3ms, application-code: 31ms)
 GET / 200 in 29ms (next.js: 2ms, application-code: 27ms)
 GET / 200 in 25ms (next.js: 1300µs, application-code: 24ms)
 GET / 200 in 32ms (next.js: 2ms, application-code: 30ms)
 GET / 200 in 26ms (next.js: 1673µs, application-code: 24ms)
 GET / 200 in 31ms (next.js: 2ms, application-code: 29ms)
 GET / 200 in 33ms (next.js: 1342µs, application-code: 32ms)
 GET / 200 in 35ms (next.js: 1158µs, application-code: 34ms)
 GET / 200 in 35ms (next.js: 1150µs, application-code: 33ms)
 GET / 200 in 28ms (next.js: 1123µs, application-code: 27ms)
 GET / 200 in 29ms (next.js: 1112µs, application-code: 27ms)
 GET / 200 in 34ms (next.js: 1359µs, application-code: 33ms)
 GET / 200 in 37ms (next.js: 1909µs, application-code: 35ms)
 GET / 200 in 40ms (next.js: 3ms, application-code: 37ms)
 GET / 200 in 43ms (next.js: 2ms, application-code: 40ms)
 GET / 200 in 43ms (next.js: 3ms, application-code: 40ms)
 GET / 200 in 41ms (next.js: 1604µs, application-code: 39ms)
 GET / 200 in 30ms (next.js: 1190µs, application-code: 28ms)
 GET / 200 in 43ms (next.js: 1512µs, application-code: 41ms)
 GET / 200 in 37ms (next.js: 1151µs, application-code: 36ms)
 GET / 200 in 44ms (next.js: 3ms, application-code: 41ms)
 GET / 200 in 43ms (next.js: 2ms, application-code: 41ms)
 GET / 200 in 43ms (next.js: 1870µs, application-code: 42ms)
 GET / 200 in 42ms (next.js: 2ms, application-code: 40ms)
 GET / 200 in 27ms (next.js: 2ms, application-code: 25ms)
 GET / 200 in 30ms (next.js: 3ms, application-code: 27ms)
 GET / 200 in 32ms (next.js: 2ms, application-code: 30ms)
 GET / 200 in 43ms (next.js: 2ms, application-code: 40ms)
 GET / 200 in 39ms (next.js: 1724µs, application-code: 37ms)
 GET / 200 in 33ms (next.js: 1442µs, application-code: 32ms)
 GET / 200 in 31ms (next.js: 1151µs, application-code: 30ms)
 GET / 200 in 40ms (next.js: 1097µs, application-code: 39ms)
 GET / 200 in 33ms (next.js: 1191µs, application-code: 32ms)
 GET / 200 in 36ms (next.js: 1535µs, application-code: 34ms)
 GET / 200 in 39ms (next.js: 1676µs, application-code: 37ms)
 GET / 200 in 32ms (next.js: 1136µs, application-code: 30ms)
 GET / 200 in 34ms (next.js: 1384µs, application-code: 32ms)
 GET / 200 in 31ms (next.js: 1198µs, application-code: 30ms)
 GET / 200 in 35ms (next.js: 1160µs, application-code: 34ms)
 GET / 200 in 35ms (next.js: 2ms, application-code: 33ms)
 GET / 200 in 27ms (next.js: 1528µs, application-code: 25ms)
 GET / 200 in 34ms (next.js: 1131µs, application-code: 33ms)
 GET / 200 in 33ms (next.js: 1387µs, application-code: 32ms)
 GET / 200 in 30ms (next.js: 2ms, application-code: 28ms)
 GET / 200 in 31ms (next.js: 2ms, application-code: 29ms)
 GET / 200 in 41ms (next.js: 2ms, application-code: 38ms)
 GET / 200 in 27ms (next.js: 1213µs, application-code: 26ms)
 GET / 200 in 29ms (next.js: 1318µs, application-code: 28ms)
 GET / 200 in 32ms (next.js: 1346µs, application-code: 31ms)
 GET / 200 in 28ms (next.js: 1168µs, application-code: 27ms)
 GET / 200 in 37ms (next.js: 1719µs, application-code: 36ms)
 GET / 200 in 32ms (next.js: 1681µs, application-code: 30ms)
 GET / 200 in 31ms (next.js: 1138µs, application-code: 30ms)
 GET / 200 in 29ms (next.js: 1132µs, application-code: 28ms)
 GET / 200 in 36ms (next.js: 2ms, application-code: 34ms)
 GET / 200 in 39ms (next.js: 1371µs, application-code: 38ms)
 GET / 200 in 41ms (next.js: 1555µs, application-code: 39ms)
 GET / 200 in 30ms (next.js: 1620µs, application-code: 28ms)
 GET / 200 in 37ms (next.js: 2ms, application-code: 35ms)
 GET / 200 in 38ms (next.js: 2ms, application-code: 36ms)
 GET / 200 in 32ms (next.js: 1166µs, application-code: 31ms)
 GET / 200 in 38ms (next.js: 2ms, application-code: 36ms)
 GET / 200 in 27ms (next.js: 1341µs, application-code: 26ms)
 GET / 200 in 35ms (next.js: 1283µs, application-code: 34ms)
 GET / 200 in 37ms (next.js: 1298µs, application-code: 36ms)
 GET / 200 in 37ms (next.js: 1568µs, application-code: 36ms)
 GET / 200 in 35ms (next.js: 1113µs, application-code: 34ms)
 GET / 200 in 29ms (next.js: 1332µs, application-code: 28ms)
 GET / 200 in 41ms (next.js: 2ms, application-code: 39ms)
 GET / 200 in 52ms (next.js: 2ms, application-code: 50ms)
 GET / 200 in 37ms (next.js: 2ms, application-code: 35ms)
 GET / 200 in 38ms (next.js: 3ms, application-code: 35ms)
 GET / 200 in 37ms (next.js: 2ms, application-code: 35ms)
 GET / 200 in 30ms (next.js: 1154µs, application-code: 28ms)
 GET / 200 in 33ms (next.js: 1273µs, application-code: 31ms)
 GET / 200 in 37ms (next.js: 1896µs, application-code: 36ms)
 GET / 200 in 32ms (next.js: 1425µs, application-code: 31ms)
 GET / 200 in 31ms (next.js: 1276µs, application-code: 30ms)
 GET / 200 in 25ms (next.js: 1056µs, application-code: 24ms)
 GET / 200 in 34ms (next.js: 1734µs, application-code: 32ms)
 GET / 200 in 40ms (next.js: 2ms, application-code: 38ms)
 GET / 200 in 42ms (next.js: 1975µs, application-code: 40ms)
 GET / 200 in 27ms (next.js: 1641µs, application-code: 26ms)
 GET / 200 in 37ms (next.js: 3ms, application-code: 34ms)
 GET / 200 in 38ms (next.js: 3ms, application-code: 35ms)
 GET / 200 in 39ms (next.js: 1634µs, application-code: 37ms)
 GET / 200 in 38ms (next.js: 1275µs, application-code: 37ms)
 GET / 200 in 31ms (next.js: 1532µs, application-code: 30ms)
 GET / 200 in 28ms (next.js: 1375µs, application-code: 26ms)
 GET / 200 in 26ms (next.js: 1063µs, application-code: 25ms)
 GET / 200 in 27ms (next.js: 1420µs, application-code: 26ms)
 GET / 200 in 33ms (next.js: 2ms, application-code: 31ms)
 GET / 200 in 39ms (next.js: 1397µs, application-code: 37ms)
 GET / 200 in 28ms (next.js: 2ms, application-code: 26ms)
 GET / 200 in 27ms (next.js: 1634µs, application-code: 25ms)
 GET / 200 in 36ms (next.js: 3ms, application-code: 34ms)
 GET / 200 in 33ms (next.js: 1053µs, application-code: 32ms)
 GET / 200 in 35ms (next.js: 1803µs, application-code: 34ms)
 GET / 200 in 39ms (next.js: 2ms, application-code: 37ms)
 GET / 200 in 36ms (next.js: 1122µs, application-code: 35ms)
 GET / 200 in 33ms (next.js: 1029µs, application-code: 32ms)
 GET / 200 in 41ms (next.js: 1618µs, application-code: 39ms)
 GET / 200 in 26ms (next.js: 1621µs, application-code: 25ms)
 GET / 200 in 28ms (next.js: 1296µs, application-code: 27ms)
 GET / 200 in 34ms (next.js: 1751µs, application-code: 32ms)
 GET / 200 in 34ms (next.js: 2ms, application-code: 31ms)
 GET / 200 in 39ms (next.js: 1622µs, application-code: 38ms)
 GET / 200 in 31ms (next.js: 1179µs, application-code: 30ms)
 GET / 200 in 28ms (next.js: 1068µs, application-code: 26ms)
 GET / 200 in 31ms (next.js: 1782µs, application-code: 29ms)
 GET / 200 in 27ms (next.js: 2ms, application-code: 25ms)
 GET / 200 in 38ms (next.js: 1084µs, application-code: 37ms)
 GET / 200 in 31ms (next.js: 1366µs, application-code: 30ms)
 GET / 200 in 29ms (next.js: 1779µs, application-code: 27ms)
 GET / 200 in 37ms (next.js: 1103µs, application-code: 36ms)
 GET / 200 in 33ms (next.js: 1576µs, application-code: 32ms)
 GET / 200 in 29ms (next.js: 2ms, application-code: 26ms)
 GET / 200 in 40ms (next.js: 2ms, application-code: 38ms)
 GET / 200 in 33ms (next.js: 2ms, application-code: 31ms)
 GET / 200 in 28ms (next.js: 1979µs, application-code: 26ms)
 GET / 200 in 36ms (next.js: 1613µs, application-code: 34ms)
 GET / 200 in 31ms (next.js: 2ms, application-code: 28ms)
 GET / 200 in 26ms (next.js: 1143µs, application-code: 25ms)
 GET / 200 in 39ms (next.js: 3ms, application-code: 36ms)
 GET / 200 in 43ms (next.js: 2ms, application-code: 41ms)
 GET / 200 in 27ms (next.js: 1221µs, application-code: 26ms)
 GET / 200 in 34ms (next.js: 2ms, application-code: 32ms)
 GET / 200 in 38ms (next.js: 3ms, application-code: 35ms)
 GET / 200 in 32ms (next.js: 2ms, application-code: 29ms)
 GET / 200 in 35ms (next.js: 3ms, application-code: 32ms)
 GET / 200 in 44ms (next.js: 1247µs, application-code: 42ms)
 GET / 200 in 42ms (next.js: 1868µs, application-code: 40ms)
 GET / 200 in 36ms (next.js: 2ms, application-code: 34ms)
 GET / 200 in 43ms (next.js: 1176µs, application-code: 42ms)
 GET / 200 in 30ms (next.js: 2ms, application-code: 28ms)
 GET / 200 in 35ms (next.js: 1969µs, application-code: 33ms)
 GET / 200 in 27ms (next.js: 1525µs, application-code: 25ms)
 GET / 200 in 40ms (next.js: 2ms, application-code: 38ms)
 GET / 200 in 35ms (next.js: 3ms, application-code: 32ms)
 GET / 200 in 33ms (next.js: 1381µs, application-code: 32ms)
 GET / 200 in 42ms (next.js: 2ms, application-code: 40ms)
 GET / 200 in 37ms (next.js: 1208µs, application-code: 36ms)
 GET / 200 in 35ms (next.js: 1413µs, application-code: 34ms)
 GET / 200 in 27ms (next.js: 1104µs, application-code: 26ms)
 GET / 200 in 25ms (next.js: 1724µs, application-code: 24ms)
 GET / 200 in 27ms (next.js: 1174µs, application-code: 25ms)
 GET / 200 in 25ms (next.js: 1354µs, application-code: 24ms)
 GET / 200 in 39ms (next.js: 2ms, application-code: 37ms)
 GET / 200 in 41ms (next.js: 1296µs, application-code: 40ms)
 GET / 200 in 32ms (next.js: 1882µs, application-code: 30ms)
 GET / 200 in 39ms (next.js: 1790µs, application-code: 37ms)
 GET / 200 in 33ms (next.js: 1353µs, application-code: 31ms)
 GET / 200 in 32ms (next.js: 2ms, application-code: 30ms)
 GET / 200 in 40ms (next.js: 2ms, application-code: 37ms)
 GET / 200 in 31ms (next.js: 1058µs, application-code: 29ms)
 GET / 200 in 30ms (next.js: 1188µs, application-code: 29ms)
 GET / 200 in 29ms (next.js: 1086µs, application-code: 28ms)
 GET / 200 in 34ms (next.js: 1607µs, application-code: 32ms)
 GET / 200 in 40ms (next.js: 3ms, application-code: 38ms)
 GET / 200 in 40ms (next.js: 3ms, application-code: 37ms)
 GET / 200 in 42ms (next.js: 1290µs, application-code: 41ms)
 GET / 200 in 42ms (next.js: 2ms, application-code: 40ms)
 GET / 200 in 47ms (next.js: 3ms, application-code: 44ms)
 GET / 200 in 31ms (next.js: 2ms, application-code: 29ms)
 GET / 200 in 35ms (next.js: 1151µs, application-code: 34ms)
 GET / 200 in 45ms (next.js: 1098µs, application-code: 44ms)
 GET / 200 in 43ms (next.js: 2ms, application-code: 41ms)
 GET / 200 in 39ms (next.js: 1939µs, application-code: 37ms)
 GET / 200 in 34ms (next.js: 3ms, application-code: 32ms)
 GET / 200 in 31ms (next.js: 1125µs, application-code: 30ms)
 GET / 200 in 35ms (next.js: 1520µs, application-code: 33ms)
 GET / 200 in 34ms (next.js: 2ms, application-code: 32ms)
 GET / 200 in 40ms (next.js: 1964µs, application-code: 38ms)
 GET / 200 in 26ms (next.js: 1136µs, application-code: 25ms)
 GET / 200 in 36ms (next.js: 1125µs, application-code: 35ms)
 GET / 200 in 41ms (next.js: 2ms, application-code: 39ms)
 GET / 200 in 35ms (next.js: 1794µs, application-code: 33ms)
 GET / 200 in 37ms (next.js: 1326µs, application-code: 36ms)
 GET / 200 in 39ms (next.js: 2ms, application-code: 37ms)
 GET / 200 in 31ms (next.js: 1919µs, application-code: 29ms)
 GET / 200 in 39ms (next.js: 1556µs, application-code: 37ms)
 GET / 200 in 27ms (next.js: 1121µs, application-code: 26ms)
 GET / 200 in 37ms (next.js: 2ms, application-code: 34ms)
 GET / 200 in 36ms (next.js: 1137µs, application-code: 35ms)
 GET / 200 in 44ms (next.js: 2ms, application-code: 42ms)
 GET / 200 in 27ms (next.js: 1751µs, application-code: 25ms)
 GET / 200 in 45ms (next.js: 2ms, application-code: 43ms)
 GET / 200 in 30ms (next.js: 1224µs, application-code: 29ms)
 GET / 200 in 38ms (next.js: 1577µs, application-code: 36ms)
 GET / 200 in 37ms (next.js: 1885µs, application-code: 35ms)
 GET / 200 in 39ms (next.js: 1291µs, application-code: 37ms)
 GET / 200 in 42ms (next.js: 1571µs, application-code: 41ms)
 GET / 200 in 30ms (next.js: 1381µs, application-code: 28ms)
 GET / 200 in 40ms (next.js: 3ms, application-code: 37ms)
 GET / 200 in 45ms (next.js: 2ms, application-code: 43ms)
 GET / 200 in 44ms (next.js: 2ms, application-code: 42ms)
 GET / 200 in 49ms (next.js: 2ms, application-code: 47ms)
 GET / 200 in 42ms (next.js: 1390µs, application-code: 40ms)
 GET / 200 in 40ms (next.js: 1822µs, application-code: 38ms)
 GET / 200 in 41ms (next.js: 1630µs, application-code: 40ms)
 GET / 200 in 48ms (next.js: 1816µs, application-code: 46ms)
 GET / 200 in 37ms (next.js: 1190µs, application-code: 35ms)
 GET / 200 in 37ms (next.js: 1641µs, application-code: 36ms)
 GET / 200 in 39ms (next.js: 1950µs, application-code: 37ms)
 GET / 200 in 46ms (next.js: 2ms, application-code: 44ms)
 GET / 200 in 37ms (next.js: 2ms, application-code: 35ms)
 GET / 200 in 40ms (next.js: 2ms, application-code: 38ms)
 GET / 200 in 44ms (next.js: 1916µs, application-code: 42ms)
 GET / 200 in 50ms (next.js: 2ms, application-code: 48ms)
 GET / 200 in 41ms (next.js: 1525µs, application-code: 40ms)
 GET / 200 in 46ms (next.js: 1517µs, application-code: 45ms)
 GET / 200 in 43ms (next.js: 2ms, application-code: 41ms)
 GET / 200 in 42ms (next.js: 3ms, application-code: 40ms)
 GET / 200 in 43ms (next.js: 2ms, application-code: 41ms)
 GET / 200 in 36ms (next.js: 2ms, application-code: 33ms)
 GET / 200 in 43ms (next.js: 2ms, application-code: 41ms)
 GET / 200 in 39ms (next.js: 1422µs, application-code: 38ms)
 GET / 200 in 30ms (next.js: 1214µs, application-code: 29ms)
 GET / 200 in 63ms (next.js: 2ms, application-code: 61ms)
 GET / 200 in 42ms (next.js: 2ms, application-code: 40ms)
 GET / 200 in 37ms (next.js: 1184µs, application-code: 36ms)
 GET / 200 in 36ms (next.js: 1171µs, application-code: 34ms)
 GET / 200 in 33ms (next.js: 2ms, application-code: 31ms)
 GET / 200 in 42ms (next.js: 1409µs, application-code: 41ms)
 GET / 200 in 38ms (next.js: 1325µs, application-code: 37ms)
 GET / 200 in 43ms (next.js: 2ms, application-code: 41ms)
 GET / 200 in 32ms (next.js: 1201µs, application-code: 31ms)
 GET / 200 in 39ms (next.js: 1579µs, application-code: 37ms)
 GET / 200 in 31ms (next.js: 1073µs, application-code: 30ms)
 GET / 200 in 30ms (next.js: 2ms, application-code: 28ms)
 GET / 200 in 43ms (next.js: 2ms, application-code: 40ms)
 GET / 200 in 34ms (next.js: 1127µs, application-code: 33ms)
 GET / 200 in 30ms (next.js: 1090µs, application-code: 29ms)
 GET / 200 in 37ms (next.js: 2ms, application-code: 35ms)
 GET / 200 in 42ms (next.js: 2ms, application-code: 40ms)
 GET / 200 in 29ms (next.js: 3ms, application-code: 27ms)
 GET / 200 in 36ms (next.js: 1198µs, application-code: 35ms)
 GET / 200 in 29ms (next.js: 2ms, application-code: 27ms)
 GET / 200 in 42ms (next.js: 1234µs, application-code: 41ms)
 GET / 200 in 33ms (next.js: 1346µs, application-code: 32ms)
 GET / 200 in 45ms (next.js: 2ms, application-code: 43ms)
 GET / 200 in 28ms (next.js: 1382µs, application-code: 27ms)
 GET / 200 in 42ms (next.js: 3ms, application-code: 39ms)
 GET / 200 in 41ms (next.js: 3ms, application-code: 38ms)
 GET / 200 in 36ms (next.js: 1152µs, application-code: 35ms)
 GET / 200 in 28ms (next.js: 1271µs, application-code: 26ms)
 GET / 200 in 34ms (next.js: 2ms, application-code: 32ms)
 GET / 200 in 28ms (next.js: 1243µs, application-code: 27ms)
 GET / 200 in 26ms (next.js: 1974µs, application-code: 24ms)
 GET / 200 in 33ms (next.js: 1518µs, application-code: 31ms)
 GET / 200 in 39ms (next.js: 2ms, application-code: 36ms)
 GET / 200 in 35ms (next.js: 1291µs, application-code: 34ms)
 GET / 200 in 28ms (next.js: 1291µs, application-code: 27ms)
 GET / 200 in 30ms (next.js: 1302µs, application-code: 29ms)
 GET / 200 in 41ms (next.js: 1462µs, application-code: 40ms)
 GET / 200 in 40ms (next.js: 1974µs, application-code: 38ms)
 GET / 200 in 41ms (next.js: 2ms, application-code: 38ms)
 GET / 200 in 35ms (next.js: 2ms, application-code: 32ms)
 GET / 200 in 33ms (next.js: 1396µs, application-code: 32ms)
 GET / 200 in 42ms (next.js: 2ms, application-code: 40ms)
 GET / 200 in 39ms (next.js: 3ms, application-code: 37ms)
 GET / 200 in 38ms (next.js: 2ms, application-code: 36ms)
 GET / 200 in 37ms (next.js: 1371µs, application-code: 36ms)
 GET / 200 in 51ms (next.js: 3ms, application-code: 48ms)
 GET / 200 in 59ms (next.js: 2ms, application-code: 57ms)
 GET / 200 in 64ms (next.js: 2ms, application-code: 61ms)
 GET / 200 in 48ms (next.js: 2ms, application-code: 46ms)
 GET / 200 in 41ms (next.js: 1518µs, application-code: 40ms)
 GET / 200 in 37ms (next.js: 1668µs, application-code: 35ms)
 GET / 200 in 40ms (next.js: 1485µs, application-code: 38ms)
 GET / 200 in 41ms (next.js: 1520µs, application-code: 39ms)
 GET / 200 in 45ms (next.js: 1799µs, application-code: 44ms)
 GET / 200 in 42ms (next.js: 3ms, application-code: 39ms)
 GET / 200 in 39ms (next.js: 1839µs, application-code: 37ms)
 GET / 200 in 38ms (next.js: 2ms, application-code: 36ms)
 GET / 200 in 42ms (next.js: 4ms, application-code: 39ms)
 GET / 200 in 40ms (next.js: 2ms, application-code: 38ms)
 GET / 200 in 28ms (next.js: 1728µs, application-code: 26ms)
 GET / 200 in 44ms (next.js: 3ms, application-code: 42ms)
 GET / 200 in 35ms (next.js: 2ms, application-code: 32ms)
 GET / 200 in 45ms (next.js: 1661µs, application-code: 43ms)
 GET / 200 in 36ms (next.js: 1096µs, application-code: 35ms)
 GET / 200 in 46ms (next.js: 1435µs, application-code: 45ms)
 GET / 200 in 36ms (next.js: 1863µs, application-code: 34ms)
 GET / 200 in 40ms (next.js: 1534µs, application-code: 38ms)
 GET / 200 in 38ms (next.js: 1446µs, application-code: 37ms)
 GET / 200 in 38ms (next.js: 1269µs, application-code: 37ms)
 GET / 200 in 49ms (next.js: 3ms, application-code: 46ms)
 GET / 200 in 54ms (next.js: 4ms, application-code: 50ms)
 GET / 200 in 40ms (next.js: 1308µs, application-code: 39ms)
 GET / 200 in 37ms (next.js: 1401µs, application-code: 35ms)
 GET / 200 in 41ms (next.js: 2ms, application-code: 38ms)
 GET / 200 in 39ms (next.js: 2ms, application-code: 36ms)
 GET / 200 in 45ms (next.js: 1830µs, application-code: 43ms)
 GET / 200 in 34ms (next.js: 1179µs, application-code: 33ms)
 GET / 200 in 26ms (next.js: 1782µs, application-code: 24ms)
 GET / 200 in 38ms (next.js: 1974µs, application-code: 36ms)
 GET / 200 in 33ms (next.js: 1766µs, application-code: 31ms)
 GET / 200 in 32ms (next.js: 1164µs, application-code: 31ms)
 GET / 200 in 32ms (next.js: 3ms, application-code: 29ms)
 GET / 200 in 32ms (next.js: 2ms, application-code: 30ms)
 GET / 200 in 40ms (next.js: 3ms, application-code: 37ms)
 GET / 200 in 33ms (next.js: 1621µs, application-code: 31ms)
 GET / 200 in 32ms (next.js: 1211µs, application-code: 31ms)
 GET / 200 in 41ms (next.js: 2ms, application-code: 39ms)
 GET / 200 in 35ms (next.js: 1179µs, application-code: 34ms)
 GET / 200 in 32ms (next.js: 1164µs, application-code: 31ms)
 GET / 200 in 32ms (next.js: 2ms, application-code: 30ms)
 GET / 200 in 37ms (next.js: 1837µs, application-code: 35ms)
 GET / 200 in 28ms (next.js: 2ms, application-code: 26ms)
 GET / 200 in 44ms (next.js: 2ms, application-code: 42ms)
 GET / 200 in 38ms (next.js: 2ms, application-code: 36ms)
 GET / 200 in 34ms (next.js: 1105µs, application-code: 33ms)
 GET / 200 in 34ms (next.js: 1831µs, application-code: 32ms)
 GET / 200 in 42ms (next.js: 1256µs, application-code: 40ms)
 GET / 200 in 48ms (next.js: 1635µs, application-code: 47ms)
 GET / 200 in 40ms (next.js: 1830µs, application-code: 39ms)
 GET / 200 in 40ms (next.js: 2ms, application-code: 38ms)
 GET / 200 in 34ms (next.js: 1164µs, application-code: 33ms)
 GET / 200 in 36ms (next.js: 1701µs, application-code: 34ms)
 GET / 200 in 39ms (next.js: 2ms, application-code: 36ms)
 GET / 200 in 38ms (next.js: 1126µs, application-code: 37ms)
 GET / 200 in 43ms (next.js: 2ms, application-code: 41ms)
 GET / 200 in 44ms (next.js: 1185µs, application-code: 43ms)
 GET / 200 in 45ms (next.js: 2ms, application-code: 42ms)
 GET / 200 in 39ms (next.js: 2ms, application-code: 36ms)
 GET / 200 in 41ms (next.js: 1774µs, application-code: 40ms)
 GET / 200 in 37ms (next.js: 2ms, application-code: 34ms)
 GET / 200 in 42ms (next.js: 3ms, application-code: 39ms)
 GET / 200 in 37ms (next.js: 2ms, application-code: 34ms)
 GET / 200 in 37ms (next.js: 1421µs, application-code: 35ms)
 GET / 200 in 33ms (next.js: 2ms, application-code: 31ms)
 GET / 200 in 31ms (next.js: 1604µs, application-code: 29ms)
 GET / 200 in 39ms (next.js: 2ms, application-code: 36ms)
 GET / 200 in 36ms (next.js: 2ms, application-code: 33ms)
 GET / 200 in 35ms (next.js: 1991µs, application-code: 33ms)
 GET / 200 in 36ms (next.js: 1710µs, application-code: 35ms)
 GET / 200 in 27ms (next.js: 1383µs, application-code: 25ms)
 GET / 200 in 36ms (next.js: 2ms, application-code: 34ms)
 GET / 200 in 36ms (next.js: 2ms, application-code: 33ms)
 GET / 200 in 32ms (next.js: 2ms, application-code: 30ms)
 GET / 200 in 36ms (next.js: 3ms, application-code: 33ms)
 GET / 200 in 36ms (next.js: 1216µs, application-code: 35ms)
 GET / 200 in 39ms (next.js: 2ms, application-code: 37ms)
 GET / 200 in 33ms (next.js: 1945µs, application-code: 31ms)
 GET / 200 in 38ms (next.js: 1557µs, application-code: 36ms)
 GET / 200 in 36ms (next.js: 2ms, application-code: 34ms)
 GET / 200 in 41ms (next.js: 1301µs, application-code: 40ms)
 GET / 200 in 38ms (next.js: 1392µs, application-code: 37ms)
 GET / 200 in 40ms (next.js: 2ms, application-code: 38ms)
 GET / 200 in 33ms (next.js: 1963µs, application-code: 31ms)
 GET / 200 in 42ms (next.js: 2ms, application-code: 40ms)
 GET / 200 in 38ms (next.js: 2ms, application-code: 36ms)
 GET / 200 in 36ms (next.js: 2ms, application-code: 34ms)
 GET / 200 in 44ms (next.js: 2ms, application-code: 42ms)
 GET / 200 in 39ms (next.js: 1581µs, application-code: 37ms)
 GET / 200 in 31ms (next.js: 1263µs, application-code: 30ms)
 GET / 200 in 27ms (next.js: 1171µs, application-code: 26ms)
 GET / 200 in 42ms (next.js: 3ms, application-code: 39ms)
 GET / 200 in 42ms (next.js: 2ms, application-code: 40ms)
 GET / 200 in 36ms (next.js: 1703µs, application-code: 34ms)
 GET / 200 in 32ms (next.js: 2ms, application-code: 30ms)
 GET / 200 in 26ms (next.js: 2ms, application-code: 23ms)
 GET / 200 in 29ms (next.js: 1584µs, application-code: 27ms)
 GET / 200 in 38ms (next.js: 1810µs, application-code: 36ms)
 GET / 200 in 34ms (next.js: 1888µs, application-code: 32ms)
 GET / 200 in 36ms (next.js: 2ms, application-code: 33ms)
 GET / 200 in 25ms (next.js: 1127µs, application-code: 24ms)
 GET / 200 in 39ms (next.js: 2ms, application-code: 37ms)
 GET / 200 in 39ms (next.js: 2ms, application-code: 37ms)
 GET / 200 in 34ms (next.js: 1580µs, application-code: 32ms)
 GET / 200 in 30ms (next.js: 1106µs, application-code: 29ms)
 GET / 200 in 41ms (next.js: 1180µs, application-code: 39ms)
 GET / 200 in 32ms (next.js: 2ms, application-code: 30ms)
 GET / 200 in 32ms (next.js: 1145µs, application-code: 31ms)
 GET / 200 in 53ms (next.js: 3ms, application-code: 50ms)
 GET / 200 in 37ms (next.js: 1969µs, application-code: 35ms)
 GET / 200 in 36ms (next.js: 2ms, application-code: 34ms)
 GET / 200 in 42ms (next.js: 3ms, application-code: 39ms)
 GET / 200 in 30ms (next.js: 1459µs, application-code: 28ms)
 GET / 200 in 39ms (next.js: 2ms, application-code: 37ms)
 GET / 200 in 39ms (next.js: 2ms, application-code: 37ms)
 GET / 200 in 37ms (next.js: 1907µs, application-code: 35ms)
 GET / 200 in 36ms (next.js: 1873µs, application-code: 34ms)
 GET / 200 in 68ms (next.js: 3ms, application-code: 65ms)
 GET / 200 in 53ms (next.js: 4ms, application-code: 49ms)
 GET / 200 in 37ms (next.js: 1491µs, application-code: 35ms)
 GET / 200 in 44ms (next.js: 2ms, application-code: 42ms)
 GET / 200 in 44ms (next.js: 3ms, application-code: 41ms)
 GET / 200 in 42ms (next.js: 2ms, application-code: 40ms)
 GET / 200 in 51ms (next.js: 1360µs, application-code: 50ms)
 GET / 200 in 40ms (next.js: 1427µs, application-code: 39ms)
 GET / 200 in 33ms (next.js: 2ms, application-code: 31ms)
 GET / 200 in 32ms (next.js: 1975µs, application-code: 30ms)
 GET / 200 in 48ms (next.js: 1660µs, application-code: 46ms)
 GET / 200 in 35ms (next.js: 1425µs, application-code: 34ms)
 GET / 200 in 41ms (next.js: 2ms, application-code: 38ms)
 GET / 200 in 38ms (next.js: 1115µs, application-code: 37ms)
 GET / 200 in 35ms (next.js: 1105µs, application-code: 34ms)
 GET / 200 in 44ms (next.js: 2ms, application-code: 42ms)
 GET / 200 in 38ms (next.js: 2ms, application-code: 36ms)
 GET / 200 in 34ms (next.js: 2ms, application-code: 32ms)
 GET / 200 in 34ms (next.js: 2ms, application-code: 32ms)
 GET / 200 in 29ms (next.js: 1726µs, application-code: 27ms)
