[     294ms] [INFO] %cDownload the React DevTools for a better development experience: https://react.dev/link/react-devtools font-weight:bold @ http://localhost:3000/_next/static/chunks/02_9_next_dist_0hfteu1._.js:2431
[     428ms] [LOG] [HMR] connected @ http://localhost:3000/_next/static/chunks/02_9_next_dist_0hfteu1._.js:2431
[  291251ms] [LOG] [Fast Refresh] rebuilding @ http://localhost:3000/_next/static/chunks/02_9_next_dist_0hfteu1._.js:2431
[  291365ms] [LOG] [Fast Refresh] done in 214ms @ http://localhost:3000/_next/static/chunks/02_9_next_dist_0hfteu1._.js:2431
[  291467ms] [LOG] [Fast Refresh] rebuilding @ http://localhost:3000/_next/static/chunks/02_9_next_dist_0hfteu1._.js:2431
[  291553ms] [LOG] [Fast Refresh] done in 188ms @ http://localhost:3000/_next/static/chunks/02_9_next_dist_0hfteu1._.js:2431
[  292317ms] [LOG] [Fast Refresh] rebuilding @ http://localhost:3000/_next/static/chunks/02_9_next_dist_0hfteu1._.js:2431
[  292412ms] [LOG] [Fast Refresh] done in 199ms @ http://localhost:3000/_next/static/chunks/02_9_next_dist_0hfteu1._.js:2431
[  292517ms] [LOG] [Fast Refresh] rebuilding @ http://localhost:3000/_next/static/chunks/02_9_next_dist_0hfteu1._.js:2431
[  292631ms] [LOG] [Fast Refresh] done in 218ms @ http://localhost:3000/_next/static/chunks/02_9_next_dist_0hfteu1._.js:2431
[  337017ms] [LOG] [Fast Refresh] rebuilding @ http://localhost:3000/_next/static/chunks/02_9_next_dist_0hfteu1._.js:2431
[  338749ms] [ERROR] ./src/app/page.tsx:6:1
Module not found: Can't resolve './_components/competitor-map-panel'
  4 |
  5 | import { CompetitorCompanyList } from "./_components/competitor-company-list";
> 6 | import { CompetitorMapPanel } from "./_components/competitor-map-panel";
    | ^^^^^^^^^^^^^^^^^^^^^^^^^^^^^^^^^^^^^^^^^^^^^^^^^^^^^^^^^^^^^^^^^^^^^^^^
  7 | import { type ChinaAdminIndex, type CompetitorData } from "./_components/competitor-types";
  8 |
  9 | type RadarEntry = {

Import traces:
  Client Component Browser:
    ./src/app/page.tsx [Client Component Browser]
    ./src/app/page.tsx [Server Component]

  Client Component SSR:
    ./src/app/page.tsx [Client Component SSR]
    ./src/app/page.tsx [Server Component]

https://nextjs.org/docs/messages/module-not-found @ http://localhost:3000/_next/static/chunks/02_9_next_dist_0hfteu1._.js:3272
[  338781ms] [ERROR] ./src/app/page.tsx:6:1
Module not found: Can't resolve './_components/competitor-map-panel'
  4 |
  5 | import { CompetitorCompanyList } from "./_components/competitor-company-list";
> 6 | import { CompetitorMapPanel } from "./_components/competitor-map-panel";
    | ^^^^^^^^^^^^^^^^^^^^^^^^^^^^^^^^^^^^^^^^^^^^^^^^^^^^^^^^^^^^^^^^^^^^^^^^
  7 | import { type ChinaAdminIndex, type CompetitorData } from "./_components/competitor-types";
  8 |
  9 | type RadarEntry = {

Import traces:
  Client Component Browser:
    ./src/app/page.tsx [Client Component Browser]
    ./src/app/page.tsx [Server Component]

  Client Component SSR:
    ./src/app/page.tsx [Client Component SSR]
    ./src/app/page.tsx [Server Component]

https://nextjs.org/docs/messages/module-not-found @ http://localhost:3000/_next/static/chunks/02_9_next_dist_0hfteu1._.js:3272
[  338807ms] [ERROR] Failed to load resource: the server responded with a status of 500 (Internal Server Error) @ http://localhost:3000/?_rsc=wnywt:0
[  338832ms] [ERROR] ./src/app/page.tsx:6:1
Module not found: Can't resolve './_components/competitor-map-panel'
  4 |
  5 | import { CompetitorCompanyList } from "./_components/competitor-company-list";
> 6 | import { CompetitorMapPanel } from "./_components/competitor-map-panel";
    | ^^^^^^^^^^^^^^^^^^^^^^^^^^^^^^^^^^^^^^^^^^^^^^^^^^^^^^^^^^^^^^^^^^^^^^^^
  7 | import { type ChinaAdminIndex, type CompetitorData } from "./_components/competitor-types";
  8 |
  9 | type RadarEntry = {

Import traces:
  Client Component Browser:
    ./src/app/page.tsx [Client Component Browser]
    ./src/app/page.tsx [Server Component]

  Client Component SSR:
    ./src/app/page.tsx [Client Component SSR]
    ./src/app/page.tsx [Server Component]

https://nextjs.org/docs/messages/module-not-found @ http://localhost:3000/_next/static/chunks/02_9_next_dist_0hfteu1._.js:3272
[  338863ms] [ERROR] Failed to load resource: the server responded with a status of 500 (Internal Server Error) @ http://localhost:3000/?_rsc=wnywt:0
[  338908ms] [ERROR] Failed to load resource: the server responded with a status of 500 (Internal Server Error) @ http://localhost:3000/:0
[  339134ms] [INFO] %cDownload the React DevTools for a better development experience: https://react.dev/link/react-devtools font-weight:bold @ http://localhost:3000/_next/static/chunks/0p2h_react-dom_0vsf22y._.js:15305
[  339213ms] Error: ./src/app/page.tsx:6:1
Module not found: Can't resolve './_components/competitor-map-panel'
  4 |
  5 | import { CompetitorCompanyList } from "./_components/competitor-company-list";
> 6 | import { CompetitorMapPanel } from "./_components/competitor-map-panel";
    | ^^^^^^^^^^^^^^^^^^^^^^^^^^^^^^^^^^^^^^^^^^^^^^^^^^^^^^^^^^^^^^^^^^^^^^^^
  7 | import { type ChinaAdminIndex, type CompetitorData } from "./_components/competitor-types";
  8 |
  9 | type RadarEntry = {



Import traces:
  Client Component Browser:
    ./src/app/page.tsx [Client Component Browser]
    ./src/app/page.tsx [Server Component]

  Client Component SSR:
    ./src/app/page.tsx [Client Component SSR]
    ./src/app/page.tsx [Server Component]

https://nextjs.org/docs/messages/module-not-found


    at <unknown> (Error: ./src/app/page.tsx:6:1)
    at <unknown> (https://nextjs.org/docs/messages/module-not-found)
    at Object.getCompilationErrors (file://C:\Users\62404\Desktop\yantai-radar-site\node_modules\.pnpm\next@16.2.3_@babel+core@7.2_4ef84c59e56e8ef93b8ffec4ca050059\node_modules\next\dist\server\dev\hot-reloader-turbopack.js:1186:59)
    at DevBundlerService.getCompilationError (file://C:\Users\62404\Desktop\yantai-radar-site\node_modules\.pnpm\next@16.2.3_@babel+core@7.2_4ef84c59e56e8ef93b8ffec4ca050059\node_modules\next\dist\server\lib\dev-bundler-service.js:44:55)
    at DevServer.getCompilationError (file://C:\Users\62404\Desktop\yantai-radar-site\node_modules\.pnpm\next@16.2.3_@babel+core@7.2_4ef84c59e56e8ef93b8ffec4ca050059\node_modules\next\dist\server\dev\next-dev-server.js:719:42)
    at DevServer.findPageComponents (file://C:\Users\62404\Desktop\yantai-radar-site\node_modules\.pnpm\next@16.2.3_@babel+core@7.2_4ef84c59e56e8ef93b8ffec4ca050059\node_modules\next\dist\server\dev\next-dev-server.js:689:43)
    at async DevServer.renderErrorToResponseImpl (file://C:\Users\62404\Desktop\yantai-radar-site\node_modules\.pnpm\next@16.2.3_@babel+core@7.2_4ef84c59e56e8ef93b8ffec4ca050059\node_modules\next\dist\server\base-server.js:1745:26)
[  339213ms] [LOG] [HMR] connected @ http://localhost:3000/_next/static/chunks/02_9_next_dist_11v-z0_._.js:1380
[  339216ms] [ERROR] ./src/app/page.tsx:6:1
Module not found: Can't resolve './_components/competitor-map-panel'
  4 |
  5 | import { CompetitorCompanyList } from "./_components/competitor-company-list";
> 6 | import { CompetitorMapPanel } from "./_components/competitor-map-panel";
    | ^^^^^^^^^^^^^^^^^^^^^^^^^^^^^^^^^^^^^^^^^^^^^^^^^^^^^^^^^^^^^^^^^^^^^^^^
  7 | import { type ChinaAdminIndex, type CompetitorData } from "./_components/competitor-types";
  8 |
  9 | type RadarEntry = {

Import traces:
  Client Component Browser:
    ./src/app/page.tsx [Client Component Browser]
    ./src/app/page.tsx [Server Component]

  Client Component SSR:
    ./src/app/page.tsx [Client Component SSR]
    ./src/app/page.tsx [Server Component]

https://nextjs.org/docs/messages/module-not-found @ http://localhost:3000/_next/static/chunks/02_9_next_dist_11v-z0_._.js:2099
[  339254ms] [ERROR] ./src/app/page.tsx:6:1
Module not found: Can't resolve './_components/competitor-map-panel'
  4 |
  5 | import { CompetitorCompanyList } from "./_components/competitor-company-list";
> 6 | import { CompetitorMapPanel } from "./_components/competitor-map-panel";
    | ^^^^^^^^^^^^^^^^^^^^^^^^^^^^^^^^^^^^^^^^^^^^^^^^^^^^^^^^^^^^^^^^^^^^^^^^
  7 | import { type ChinaAdminIndex, type CompetitorData } from "./_components/competitor-types";
  8 |
  9 | type RadarEntry = {

Import traces:
  Client Component Browser:
    ./src/app/page.tsx [Client Component Browser]
    ./src/app/page.tsx [Server Component]

  Client Component SSR:
    ./src/app/page.tsx [Client Component SSR]
    ./src/app/page.tsx [Server Component]

https://nextjs.org/docs/messages/module-not-found @ http://localhost:3000/_next/static/chunks/02_9_next_dist_11v-z0_._.js:2099
[  339329ms] [LOG] [Fast Refresh] rebuilding @ http://localhost:3000/_next/static/chunks/02_9_next_dist_11v-z0_._.js:1380
[  364655ms] [ERROR] ./src/app/page.tsx:6:1
Module not found: Can't resolve './_components/competitor-map-panel'
  4 |
  5 | import { CompetitorCompanyList } from "./_components/competitor-company-list";
> 6 | import { CompetitorMapPanel } from "./_components/competitor-map-panel";
    | ^^^^^^^^^^^^^^^^^^^^^^^^^^^^^^^^^^^^^^^^^^^^^^^^^^^^^^^^^^^^^^^^^^^^^^^^
  7 | import { type ChinaAdminIndex, type CompetitorData } from "./_components/competitor-types";
  8 |
  9 | type RadarEntry = {

Import traces:
  Client Component Browser:
    ./src/app/page.tsx [Client Component Browser]
    ./src/app/page.tsx [Server Component]

  Client Component SSR:
    ./src/app/page.tsx [Client Component SSR]
    ./src/app/page.tsx [Server Component]

https://nextjs.org/docs/messages/module-not-found @ http://localhost:3000/_next/static/chunks/02_9_next_dist_11v-z0_._.js:2099
[  364693ms] [LOG] [Fast Refresh] rebuilding @ http://localhost:3000/_next/static/chunks/02_9_next_dist_11v-z0_._.js:1380
[  365506ms] [ERROR] ./src/app/page.tsx:6:1
Module not found: Can't resolve './_components/competitor-map-panel'
  4 |
  5 | import { CompetitorCompanyList } from "./_components/competitor-company-list";
> 6 | import { CompetitorMapPanel } from "./_components/competitor-map-panel";
    | ^^^^^^^^^^^^^^^^^^^^^^^^^^^^^^^^^^^^^^^^^^^^^^^^^^^^^^^^^^^^^^^^^^^^^^^^
  7 | import { type ChinaAdminIndex, type CompetitorData } from "./_components/competitor-types";
  8 |
  9 | type RadarEntry = {

Import traces:
  Client Component Browser:
    ./src/app/page.tsx [Client Component Browser]
    ./src/app/page.tsx [Server Component]

  Client Component SSR:
    ./src/app/page.tsx [Client Component SSR]
    ./src/app/page.tsx [Server Component]

https://nextjs.org/docs/messages/module-not-found @ http://localhost:3000/_next/static/chunks/02_9_next_dist_11v-z0_._.js:2099
[  365561ms] [LOG] [Fast Refresh] rebuilding @ http://localhost:3000/_next/static/chunks/02_9_next_dist_11v-z0_._.js:1380
[  397367ms] [LOG] [Fast Refresh] rebuilding @ http://localhost:3000/_next/static/chunks/02_9_next_dist_11v-z0_._.js:1380
[  397772ms] [LOG] [Fast Refresh] done in 505ms @ http://localhost:3000/_next/static/chunks/02_9_next_dist_11v-z0_._.js:1380
[  397912ms] [LOG] [Fast Refresh] rebuilding @ http://localhost:3000/_next/static/chunks/02_9_next_dist_11v-z0_._.js:1380
[  398012ms] [LOG] [Fast Refresh] done in 213ms @ http://localhost:3000/_next/static/chunks/02_9_next_dist_11v-z0_._.js:1380
[  398148ms] [INFO] %cDownload the React DevTools for a better development experience: https://react.dev/link/react-devtools font-weight:bold @ http://localhost:3000/_next/static/chunks/02_9_next_dist_0hfteu1._.js:2431
[  398220ms] [LOG] [HMR] connected @ http://localhost:3000/_next/static/chunks/02_9_next_dist_0hfteu1._.js:2431
[  403380ms] [LOG] [Fast Refresh] rebuilding @ http://localhost:3000/_next/static/chunks/02_9_next_dist_0hfteu1._.js:2431
[  403760ms] [LOG] [Fast Refresh] done in 483ms @ http://localhost:3000/_next/static/chunks/02_9_next_dist_0hfteu1._.js:2431
[  403999ms] [LOG] [Fast Refresh] rebuilding @ http://localhost:3000/_next/static/chunks/02_9_next_dist_0hfteu1._.js:2431
[  404019ms] [LOG] [Fast Refresh] done in 122ms @ http://localhost:3000/_next/static/chunks/02_9_next_dist_0hfteu1._.js:2431
[  404161ms] [INFO] %cDownload the React DevTools for a better development experience: https://react.dev/link/react-devtools font-weight:bold @ http://localhost:3000/_next/static/chunks/02_9_next_dist_0hfteu1._.js:2431
[  404177ms] [LOG] [HMR] connected @ http://localhost:3000/_next/static/chunks/02_9_next_dist_0hfteu1._.js:2431
[  422120ms] [LOG] [Fast Refresh] rebuilding @ http://localhost:3000/_next/static/chunks/02_9_next_dist_0hfteu1._.js:2431
[  422261ms] [LOG] [Fast Refresh] done in 218ms @ http://localhost:3000/_next/static/chunks/02_9_next_dist_0hfteu1._.js:2431
[  448447ms] [LOG] [Fast Refresh] rebuilding @ http://localhost:3000/_next/static/chunks/02_9_next_dist_0hfteu1._.js:2431
[  448464ms] [LOG] [Fast Refresh] done in 125ms @ http://localhost:3000/_next/static/chunks/02_9_next_dist_0hfteu1._.js:2431
[  450183ms] [LOG] [Fast Refresh] rebuilding @ http://localhost:3000/_next/static/chunks/02_9_next_dist_0hfteu1._.js:2431
[  450215ms] [LOG] [Fast Refresh] done in 140ms @ http://localhost:3000/_next/static/chunks/02_9_next_dist_0hfteu1._.js:2431
[  483763ms] [LOG] [Fast Refresh] rebuilding @ http://localhost:3000/_next/static/chunks/02_9_next_dist_0hfteu1._.js:2431
[  483780ms] [LOG] [Fast Refresh] done in 125ms @ http://localhost:3000/_next/static/chunks/02_9_next_dist_0hfteu1._.js:2431
[  525861ms] [LOG] [Fast Refresh] rebuilding @ http://localhost:3000/_next/static/chunks/02_9_next_dist_0hfteu1._.js:2431
[  525985ms] [LOG] [Fast Refresh] done in 54ms @ http://localhost:3000/_next/static/chunks/02_9_next_dist_0hfteu1._.js:2431
[  526040ms] TypeError: Cannot read properties of undefined (reading 'appendChild')
    at NewClass._initContainer (http://localhost:3000/_next/static/chunks/node_modules__pnpm_0xk8vtc._.js:9425:27)
    at NewClass.onAdd (http://localhost:3000/_next/static/chunks/node_modules__pnpm_0xk8vtc._.js:9254:18)
    at NewClass._layerAdd (http://localhost:3000/_next/static/chunks/node_modules__pnpm_0xk8vtc._.js:5617:18)
    at NewClass.whenReady (http://localhost:3000/_next/static/chunks/node_modules__pnpm_0xk8vtc._.js:3773:26)
    at NewClass.addLayer (http://localhost:3000/_next/static/chunks/node_modules__pnpm_0xk8vtc._.js:5669:18)
    at addLayer (http://localhost:3000/_next/static/chunks/node_modules__pnpm_0xk8vtc._.js:12289:19)
    at Object.react_stack_bottom_frame (http://localhost:3000/_next/static/chunks/02_9_next_dist_compiled_react-dom_0k.cbnm._.js:15087:22)
    at runWithFiberInDEV (http://localhost:3000/_next/static/chunks/02_9_next_dist_compiled_react-dom_0k.cbnm._.js:965:74)
    at commitHookEffectListMount (http://localhost:3000/_next/static/chunks/02_9_next_dist_compiled_react-dom_0k.cbnm._.js:7255:167)
    at commitHookPassiveMountEffects (http://localhost:3000/_next/static/chunks/02_9_next_dist_compiled_react-dom_0k.cbnm._.js:7290:60)
    at reconnectPassiveEffects (http://localhost:3000/_next/static/chunks/02_9_next_dist_compiled_react-dom_0k.cbnm._.js:8779:17)
    at recursivelyTraverseReconnectPassiveEffects (http://localhost:3000/_next/static/chunks/02_9_next_dist_compiled_react-dom_0k.cbnm._.js:8766:13)
    at reconnectPassiveEffects (http://localhost:3000/_next/static/chunks/02_9_next_dist_compiled_react-dom_0k.cbnm._.js:8793:17)
    at recursivelyTraverseReconnectPassiveEffects (http://localhost:3000/_next/static/chunks/02_9_next_dist_compiled_react-dom_0k.cbnm._.js:8766:13)
    at reconnectPassiveEffects (http://localhost:3000/_next/static/chunks/02_9_next_dist_compiled_react-dom_0k.cbnm._.js:8793:17)
    at recursivelyTraverseReconnectPassiveEffects (http://localhost:3000/_next/static/chunks/02_9_next_dist_compiled_react-dom_0k.cbnm._.js:8766:13)
    at reconnectPassiveEffects (http://localhost:3000/_next/static/chunks/02_9_next_dist_compiled_react-dom_0k.cbnm._.js:8778:17)
    at recursivelyTraverseReconnectPassiveEffects (http://localhost:3000/_next/static/chunks/02_9_next_dist_compiled_react-dom_0k.cbnm._.js:8766:13)
    at reconnectPassiveEffects (http://localhost:3000/_next/static/chunks/02_9_next_dist_compiled_react-dom_0k.cbnm._.js:8778:17)
    at recursivelyTraverseReconnectPassiveEffects (http://localhost:3000/_next/static/chunks/02_9_next_dist_compiled_react-dom_0k.cbnm._.js:8766:13)
    at reconnectPassiveEffects (http://localhost:3000/_next/static/chunks/02_9_next_dist_compiled_react-dom_0k.cbnm._.js:8778:17)
    at recursivelyTraverseReconnectPassiveEffects (http://localhost:3000/_next/static/chunks/02_9_next_dist_compiled_react-dom_0k.cbnm._.js:8766:13)
    at reconnectPassiveEffects (http://localhost:3000/_next/static/chunks/02_9_next_dist_compiled_react-dom_0k.cbnm._.js:8785:443)
    at doubleInvokeEffectsOnFiber (http://localhost:3000/_next/static/chunks/02_9_next_dist_compiled_react-dom_0k.cbnm._.js:10117:133)
    at runWithFiberInDEV (http://localhost:3000/_next/static/chunks/02_9_next_dist_compiled_react-dom_0k.cbnm._.js:965:131)
    at recursivelyTraverseAndDoubleInvokeEffectsInDEV (http://localhost:3000/_next/static/chunks/02_9_next_dist_compiled_react-dom_0k.cbnm._.js:10110:303)
    at recursivelyTraverseAndDoubleInvokeEffectsInDEV (http://localhost:3000/_next/static/chunks/02_9_next_dist_compiled_react-dom_0k.cbnm._.js:10110:147)
    at recursivelyTraverseAndDoubleInvokeEffectsInDEV (http://localhost:3000/_next/static/chunks/02_9_next_dist_compiled_react-dom_0k.cbnm._.js:10110:147)
    at recursivelyTraverseAndDoubleInvokeEffectsInDEV (http://localhost:3000/_next/static/chunks/02_9_next_dist_compiled_react-dom_0k.cbnm._.js:10110:147)
    at recursivelyTraverseAndDoubleInvokeEffectsInDEV (http://localhost:3000/_next/static/chunks/02_9_next_dist_compiled_react-dom_0k.cbnm._.js:10110:147)
    at recursivelyTraverseAndDoubleInvokeEffectsInDEV (http://localhost:3000/_next/static/chunks/02_9_next_dist_compiled_react-dom_0k.cbnm._.js:10110:147)
    at recursivelyTraverseAndDoubleInvokeEffectsInDEV (http://localhost:3000/_next/static/chunks/02_9_next_dist_compiled_react-dom_0k.cbnm._.js:10110:147)
    at recursivelyTraverseAndDoubleInvokeEffectsInDEV (http://localhost:3000/_next/static/chunks/02_9_next_dist_compiled_react-dom_0k.cbnm._.js:10110:147)
    at recursivelyTraverseAndDoubleInvokeEffectsInDEV (http://localhost:3000/_next/static/chunks/02_9_next_dist_compiled_react-dom_0k.cbnm._.js:10110:147)
    at recursivelyTraverseAndDoubleInvokeEffectsInDEV (http://localhost:3000/_next/static/chunks/02_9_next_dist_compiled_react-dom_0k.cbnm._.js:10110:147)
    at recursivelyTraverseAndDoubleInvokeEffectsInDEV (http://localhost:3000/_next/static/chunks/02_9_next_dist_compiled_react-dom_0k.cbnm._.js:10110:147)
    at recursivelyTraverseAndDoubleInvokeEffectsInDEV (http://localhost:3000/_next/static/chunks/02_9_next_dist_compiled_react-dom_0k.cbnm._.js:10110:147)
    at recursivelyTraverseAndDoubleInvokeEffectsInDEV (http://localhost:3000/_next/static/chunks/02_9_next_dist_compiled_react-dom_0k.cbnm._.js:10110:147)
    at recursivelyTraverseAndDoubleInvokeEffectsInDEV (http://localhost:3000/_next/static/chunks/02_9_next_dist_compiled_react-dom_0k.cbnm._.js:10110:147)
    at recursivelyTraverseAndDoubleInvokeEffectsInDEV (http://localhost:3000/_next/static/chunks/02_9_next_dist_compiled_react-dom_0k.cbnm._.js:10110:147)
    at recursivelyTraverseAndDoubleInvokeEffectsInDEV (http://localhost:3000/_next/static/chunks/02_9_next_dist_compiled_react-dom_0k.cbnm._.js:10110:147)
    at recursivelyTraverseAndDoubleInvokeEffectsInDEV (http://localhost:3000/_next/static/chunks/02_9_next_dist_compiled_react-dom_0k.cbnm._.js:10110:147)
    at recursivelyTraverseAndDoubleInvokeEffectsInDEV (http://localhost:3000/_next/static/chunks/02_9_next_dist_compiled_react-dom_0k.cbnm._.js:10110:147)
    at recursivelyTraverseAndDoubleInvokeEffectsInDEV (http://localhost:3000/_next/static/chunks/02_9_next_dist_compiled_react-dom_0k.cbnm._.js:10110:147)
    at recursivelyTraverseAndDoubleInvokeEffectsInDEV (http://localhost:3000/_next/static/chunks/02_9_next_dist_compiled_react-dom_0k.cbnm._.js:10110:147)
    at recursivelyTraverseAndDoubleInvokeEffectsInDEV (http://localhost:3000/_next/static/chunks/02_9_next_dist_compiled_react-dom_0k.cbnm._.js:10110:147)
    at recursivelyTraverseAndDoubleInvokeEffectsInDEV (http://localhost:3000/_next/static/chunks/02_9_next_dist_compiled_react-dom_0k.cbnm._.js:10110:147)
    at recursivelyTraverseAndDoubleInvokeEffectsInDEV (http://localhost:3000/_next/static/chunks/02_9_next_dist_compiled_react-dom_0k.cbnm._.js:10110:147)
    at recursivelyTraverseAndDoubleInvokeEffectsInDEV (http://localhost:3000/_next/static/chunks/02_9_next_dist_compiled_react-dom_0k.cbnm._.js:10110:147)
    at recursivelyTraverseAndDoubleInvokeEffectsInDEV (http://localhost:3000/_next/static/chunks/02_9_next_dist_compiled_react-dom_0k.cbnm._.js:10110:147)
[  526043ms] Error: Map container is being reused by another instance
    at NewClass.remove (http://localhost:3000/_next/static/chunks/node_modules__pnpm_0xk8vtc._.js:3170:23)
    at MapContainerComponent.useEffect (http://localhost:3000/_next/static/chunks/node_modules__pnpm_0xk8vtc._.js:12005:34)
    at Object.react_stack_bottom_frame (http://localhost:3000/_next/static/chunks/02_9_next_dist_compiled_react-dom_0k.cbnm._.js:15093:17)
    at runWithFiberInDEV (http://localhost:3000/_next/static/chunks/02_9_next_dist_compiled_react-dom_0k.cbnm._.js:965:74)
    at commitHookEffectListUnmount (http://localhost:3000/_next/static/chunks/02_9_next_dist_compiled_react-dom_0k.cbnm._.js:7280:166)
    at commitHookPassiveUnmountEffects (http://localhost:3000/_next/static/chunks/02_9_next_dist_compiled_react-dom_0k.cbnm._.js:7293:60)
    at commitPassiveUnmountEffectsInsideOfDeletedTree_begin (http://localhost:3000/_next/static/chunks/02_9_next_dist_compiled_react-dom_0k.cbnm._.js:8957:21)
    at recursivelyTraversePassiveUnmountEffects (http://localhost:3000/_next/static/chunks/02_9_next_dist_compiled_react-dom_0k.cbnm._.js:8874:17)
    at commitPassiveUnmountOnFiber (http://localhost:3000/_next/static/chunks/02_9_next_dist_compiled_react-dom_0k.cbnm._.js:8906:17)
    at recursivelyTraversePassiveUnmountEffects (http://localhost:3000/_next/static/chunks/02_9_next_dist_compiled_react-dom_0k.cbnm._.js:8880:106)
    at commitPassiveUnmountOnFiber (http://localhost:3000/_next/static/chunks/02_9_next_dist_compiled_react-dom_0k.cbnm._.js:8888:17)
    at recursivelyTraversePassiveUnmountEffects (http://localhost:3000/_next/static/chunks/02_9_next_dist_compiled_react-dom_0k.cbnm._.js:8880:106)
    at commitPassiveUnmountOnFiber (http://localhost:3000/_next/static/chunks/02_9_next_dist_compiled_react-dom_0k.cbnm._.js:8906:17)
    at recursivelyTraversePassiveUnmountEffects (http://localhost:3000/_next/static/chunks/02_9_next_dist_compiled_react-dom_0k.cbnm._.js:8880:106)
    at commitPassiveUnmountOnFiber (http://localhost:3000/_next/static/chunks/02_9_next_dist_compiled_react-dom_0k.cbnm._.js:8906:17)
    at recursivelyTraversePassiveUnmountEffects (http://localhost:3000/_next/static/chunks/02_9_next_dist_compiled_react-dom_0k.cbnm._.js:8880:106)
    at commitPassiveUnmountOnFiber (http://localhost:3000/_next/static/chunks/02_9_next_dist_compiled_react-dom_0k.cbnm._.js:8906:17)
    at recursivelyTraversePassiveUnmountEffects (http://localhost:3000/_next/static/chunks/02_9_next_dist_compiled_react-dom_0k.cbnm._.js:8880:106)
    at commitPassiveUnmountOnFiber (http://localhost:3000/_next/static/chunks/02_9_next_dist_compiled_react-dom_0k.cbnm._.js:8906:17)
    at recursivelyTraversePassiveUnmountEffects (http://localhost:3000/_next/static/chunks/02_9_next_dist_compiled_react-dom_0k.cbnm._.js:8880:106)
    at commitPassiveUnmountOnFiber (http://localhost:3000/_next/static/chunks/02_9_next_dist_compiled_react-dom_0k.cbnm._.js:8906:17)
    at recursivelyTraversePassiveUnmountEffects (http://localhost:3000/_next/static/chunks/02_9_next_dist_compiled_react-dom_0k.cbnm._.js:8880:106)
    at commitPassiveUnmountOnFiber (http://localhost:3000/_next/static/chunks/02_9_next_dist_compiled_react-dom_0k.cbnm._.js:8906:17)
    at recursivelyTraversePassiveUnmountEffects (http://localhost:3000/_next/static/chunks/02_9_next_dist_compiled_react-dom_0k.cbnm._.js:8880:106)
    at commitPassiveUnmountOnFiber (http://localhost:3000/_next/static/chunks/02_9_next_dist_compiled_react-dom_0k.cbnm._.js:8906:17)
    at recursivelyTraversePassiveUnmountEffects (http://localhost:3000/_next/static/chunks/02_9_next_dist_compiled_react-dom_0k.cbnm._.js:8880:106)
    at commitPassiveUnmountOnFiber (http://localhost:3000/_next/static/chunks/02_9_next_dist_compiled_react-dom_0k.cbnm._.js:8888:17)
    at recursivelyTraversePassiveUnmountEffects (http://localhost:3000/_next/static/chunks/02_9_next_dist_compiled_react-dom_0k.cbnm._.js:8880:106)
    at commitPassiveUnmountOnFiber (http://localhost:3000/_next/static/chunks/02_9_next_dist_compiled_react-dom_0k.cbnm._.js:8906:17)
    at recursivelyTraversePassiveUnmountEffects (http://localhost:3000/_next/static/chunks/02_9_next_dist_compiled_react-dom_0k.cbnm._.js:8880:106)
    at commitPassiveUnmountOnFiber (http://localhost:3000/_next/static/chunks/02_9_next_dist_compiled_react-dom_0k.cbnm._.js:8888:17)
    at recursivelyTraversePassiveUnmountEffects (http://localhost:3000/_next/static/chunks/02_9_next_dist_compiled_react-dom_0k.cbnm._.js:8880:106)
    at commitPassiveUnmountOnFiber (http://localhost:3000/_next/static/chunks/02_9_next_dist_compiled_react-dom_0k.cbnm._.js:8888:17)
    at recursivelyTraversePassiveUnmountEffects (http://localhost:3000/_next/static/chunks/02_9_next_dist_compiled_react-dom_0k.cbnm._.js:8880:106)
    at commitPassiveUnmountOnFiber (http://localhost:3000/_next/static/chunks/02_9_next_dist_compiled_react-dom_0k.cbnm._.js:8888:17)
    at recursivelyTraversePassiveUnmountEffects (http://localhost:3000/_next/static/chunks/02_9_next_dist_compiled_react-dom_0k.cbnm._.js:8880:106)
    at commitPassiveUnmountOnFiber (http://localhost:3000/_next/static/chunks/02_9_next_dist_compiled_react-dom_0k.cbnm._.js:8906:17)
    at recursivelyTraversePassiveUnmountEffects (http://localhost:3000/_next/static/chunks/02_9_next_dist_compiled_react-dom_0k.cbnm._.js:8880:106)
    at commitPassiveUnmountOnFiber (http://localhost:3000/_next/static/chunks/02_9_next_dist_compiled_react-dom_0k.cbnm._.js:8888:17)
    at recursivelyTraversePassiveUnmountEffects (http://localhost:3000/_next/static/chunks/02_9_next_dist_compiled_react-dom_0k.cbnm._.js:8880:106)
    at commitPassiveUnmountOnFiber (http://localhost:3000/_next/static/chunks/02_9_next_dist_compiled_react-dom_0k.cbnm._.js:8888:17)
    at recursivelyTraversePassiveUnmountEffects (http://localhost:3000/_next/static/chunks/02_9_next_dist_compiled_react-dom_0k.cbnm._.js:8880:106)
    at commitPassiveUnmountOnFiber (http://localhost:3000/_next/static/chunks/02_9_next_dist_compiled_react-dom_0k.cbnm._.js:8906:17)
    at recursivelyTraversePassiveUnmountEffects (http://localhost:3000/_next/static/chunks/02_9_next_dist_compiled_react-dom_0k.cbnm._.js:8880:106)
    at commitPassiveUnmountOnFiber (http://localhost:3000/_next/static/chunks/02_9_next_dist_compiled_react-dom_0k.cbnm._.js:8906:17)
    at recursivelyTraversePassiveUnmountEffects (http://localhost:3000/_next/static/chunks/02_9_next_dist_compiled_react-dom_0k.cbnm._.js:8880:106)
    at commitPassiveUnmountOnFiber (http://localhost:3000/_next/static/chunks/02_9_next_dist_compiled_react-dom_0k.cbnm._.js:8893:17)
    at flushPassiveEffects (http://localhost:3000/_next/static/chunks/02_9_next_dist_compiled_react-dom_0k.cbnm._.js:9996:13)
    at flushPendingEffects (http://localhost:3000/_next/static/chunks/02_9_next_dist_compiled_react-dom_0k.cbnm._.js:9961:16)
    at flushSpawnedWork (http://localhost:3000/_next/static/chunks/02_9_next_dist_compiled_react-dom_0k.cbnm._.js:9934:48)
