[     366ms] [INFO] %cDownload the React DevTools for a better development experience: https://react.dev/link/react-devtools font-weight:bold @ http://localhost:3000/_next/static/chunks/02_9_next_dist_0hfteu1._.js:2431
[     451ms] [LOG] [HMR] connected @ http://localhost:3000/_next/static/chunks/02_9_next_dist_0hfteu1._.js:2431
[     535ms] Error: Hydration failed because the server rendered text didn't match the client. As a result this tree will be regenerated on the client. This can happen if a SSR-ed Client Component used:

- A server/client branch `if (typeof window !== 'undefined')`.
- Variable input such as `Date.now()` or `Math.random()` which changes each time it's called.
- Date formatting in a user's locale which doesn't match the server.
- External changing data without sending a snapshot of it along with the HTML.
- Invalid HTML tag nesting.

It can also happen if the client has a browser extension installed which messes with the HTML before React loaded.

https://react.dev/link/hydration-mismatch

  ...
    <SegmentViewNode type="page" pagePath="page.tsx">
      <SegmentTrieNode>
      <ClientPageRoot Component={function Home} serverProvidedParams={{...}}>
        <Home params={Promise} searchParams={Promise}>
          <main className="min-h-scre...">
            <div>
            <div className="mx-auto fl...">
              <section className="overflow-h...">
                <div className="grid gap-8...">
                  <div className="space-y-6">
                    <div className="flex flex-...">
                      <LocationWeatherClock>
                        <div className="min-w-[16r...">
                          <div className="flex items...">
                            <div>
                            <div className="flex items...">
                              <WeatherStatusIcon>
                              <span className="text-sm font-medium">
+                               正在获取位置...
-                               天气暂不可用
                      ...
                    ...
                  ...
              ...
    ...

    at throwOnHydrationMismatch (http://localhost:3000/_next/static/chunks/02_9_next_dist_compiled_react-dom_0k.cbnm._.js:3318:56)
    at prepareToHydrateHostInstance (http://localhost:3000/_next/static/chunks/02_9_next_dist_compiled_react-dom_0k.cbnm._.js:3372:23)
    at completeWork (http://localhost:3000/_next/static/chunks/02_9_next_dist_compiled_react-dom_0k.cbnm._.js:6922:60)
    at runWithFiberInDEV (http://localhost:3000/_next/static/chunks/02_9_next_dist_compiled_react-dom_0k.cbnm._.js:965:74)
    at completeUnitOfWork (http://localhost:3000/_next/static/chunks/02_9_next_dist_compiled_react-dom_0k.cbnm._.js:9622:23)
    at performUnitOfWork (http://localhost:3000/_next/static/chunks/02_9_next_dist_compiled_react-dom_0k.cbnm._.js:9557:28)
    at workLoopConcurrentByScheduler (http://localhost:3000/_next/static/chunks/02_9_next_dist_compiled_react-dom_0k.cbnm._.js:9551:58)
    at renderRootConcurrent (http://localhost:3000/_next/static/chunks/02_9_next_dist_compiled_react-dom_0k.cbnm._.js:9534:71)
    at performWorkOnRoot (http://localhost:3000/_next/static/chunks/02_9_next_dist_compiled_react-dom_0k.cbnm._.js:9061:150)
    at performWorkOnRootViaSchedulerTask (http://localhost:3000/_next/static/chunks/02_9_next_dist_compiled_react-dom_0k.cbnm._.js:10255:9)
    at MessagePort.performWorkUntilDeadline (http://localhost:3000/_next/static/chunks/02_9_next_dist_compiled_0vnie9~._.js:2647:64)
[   53074ms] [ERROR] WebSocket connection to 'ws://localhost:3000/_next/webpack-hmr?id=_61H8L_2Qj1TII0ZTwsX9' failed: Error in connection establishment: net::ERR_CONNECTION_REFUSED @ http://localhost:3000/_next/static/chunks/02_9_next_dist_client_0n9mnch._.js:13299
[   56413ms] [ERROR] WebSocket connection to 'ws://localhost:3000/_next/webpack-hmr?id=_61H8L_2Qj1TII0ZTwsX9' failed: Error in connection establishment: net::ERR_CONNECTION_REFUSED @ http://localhost:3000/_next/static/chunks/02_9_next_dist_client_0n9mnch._.js:13299
[   59763ms] [ERROR] WebSocket connection to 'ws://localhost:3000/_next/webpack-hmr?id=_61H8L_2Qj1TII0ZTwsX9' failed: Error in connection establishment: net::ERR_CONNECTION_REFUSED @ http://localhost:3000/_next/static/chunks/02_9_next_dist_client_0n9mnch._.js:13299
[   63129ms] [ERROR] WebSocket connection to 'ws://localhost:3000/_next/webpack-hmr?id=_61H8L_2Qj1TII0ZTwsX9' failed: Error in connection establishment: net::ERR_CONNECTION_REFUSED @ http://localhost:3000/_next/static/chunks/02_9_next_dist_client_0n9mnch._.js:13299
[   66473ms] [ERROR] WebSocket connection to 'ws://localhost:3000/_next/webpack-hmr?id=_61H8L_2Qj1TII0ZTwsX9' failed: Error in connection establishment: net::ERR_CONNECTION_REFUSED @ http://localhost:3000/_next/static/chunks/02_9_next_dist_client_0n9mnch._.js:13299
[   73816ms] [ERROR] WebSocket connection to 'ws://localhost:3000/_next/webpack-hmr?id=_61H8L_2Qj1TII0ZTwsX9' failed: Error in connection establishment: net::ERR_CONNECTION_REFUSED @ http://localhost:3000/_next/static/chunks/02_9_next_dist_client_0n9mnch._.js:13299
[   81161ms] [ERROR] WebSocket connection to 'ws://localhost:3000/_next/webpack-hmr?id=_61H8L_2Qj1TII0ZTwsX9' failed: Error in connection establishment: net::ERR_CONNECTION_REFUSED @ http://localhost:3000/_next/static/chunks/02_9_next_dist_client_0n9mnch._.js:13299
[   88511ms] [ERROR] WebSocket connection to 'ws://localhost:3000/_next/webpack-hmr?id=_61H8L_2Qj1TII0ZTwsX9' failed: Error in connection establishment: net::ERR_CONNECTION_REFUSED @ http://localhost:3000/_next/static/chunks/02_9_next_dist_client_0n9mnch._.js:13299
[   95874ms] [ERROR] WebSocket connection to 'ws://localhost:3000/_next/webpack-hmr?id=_61H8L_2Qj1TII0ZTwsX9' failed: Error in connection establishment: net::ERR_CONNECTION_REFUSED @ http://localhost:3000/_next/static/chunks/02_9_next_dist_client_0n9mnch._.js:13299
[  103217ms] [ERROR] WebSocket connection to 'ws://localhost:3000/_next/webpack-hmr?id=_61H8L_2Qj1TII0ZTwsX9' failed: Error in connection establishment: net::ERR_CONNECTION_REFUSED @ http://localhost:3000/_next/static/chunks/02_9_next_dist_client_0n9mnch._.js:13299
[  110559ms] [ERROR] WebSocket connection to 'ws://localhost:3000/_next/webpack-hmr?id=_61H8L_2Qj1TII0ZTwsX9' failed: Error in connection establishment: net::ERR_CONNECTION_REFUSED @ http://localhost:3000/_next/static/chunks/02_9_next_dist_client_0n9mnch._.js:13299
[  117903ms] [ERROR] WebSocket connection to 'ws://localhost:3000/_next/webpack-hmr?id=_61H8L_2Qj1TII0ZTwsX9' failed: Error in connection establishment: net::ERR_CONNECTION_REFUSED @ http://localhost:3000/_next/static/chunks/02_9_next_dist_client_0n9mnch._.js:13299
